{"/Users/kamil.szerlag/Desktop/Projekty/financial-empire/api/enums.ts": {"path":"/Users/kamil.szerlag/Desktop/Projekty/financial-empire/api/enums.ts","statementMap":{},"fnMap":{},"branchMap":{},"s":{},"f":{},"b":{},"_coverageSchema":"1a1c01bbd47fc00a2c39e90264f33305004495a9","hash":"0bd467b345446d046575a2ee148f0b48bc8ebb8e"}
,"/Users/kamil.szerlag/Desktop/Projekty/financial-empire/api/mutations/useLoginMutation/index.ts": {"path":"/Users/kamil.szerlag/Desktop/Projekty/financial-empire/api/mutations/useLoginMutation/index.ts","statementMap":{"0":{"start":{"line":6,"column":25},"end":{"line":16,"column":4}},"1":{"start":{"line":7,"column":2},"end":{"line":16,"column":4}},"2":{"start":{"line":9,"column":30},"end":{"line":9,"column":76}},"3":{"start":{"line":10,"column":6},"end":{"line":12,"column":7}},"4":{"start":{"line":11,"column":8},"end":{"line":11,"column":20}},"5":{"start":{"line":13,"column":6},"end":{"line":13,"column":18}}},"fnMap":{"0":{"name":"(anonymous_0)","decl":{"start":{"line":6,"column":25},"end":{"line":6,"column":26}},"loc":{"start":{"line":7,"column":2},"end":{"line":16,"column":4}},"line":7},"1":{"name":"(anonymous_1)","decl":{"start":{"line":8,"column":16},"end":{"line":8,"column":17}},"loc":{"start":{"line":8,"column":34},"end":{"line":14,"column":5}},"line":8}},"branchMap":{"0":{"loc":{"start":{"line":10,"column":6},"end":{"line":12,"column":7}},"type":"if","locations":[{"start":{"line":10,"column":6},"end":{"line":12,"column":7}},{"start":{},"end":{}}],"line":10}},"s":{"0":1,"1":0,"2":0,"3":0,"4":0,"5":0},"f":{"0":0,"1":0},"b":{"0":[0,0]},"_coverageSchema":"1a1c01bbd47fc00a2c39e90264f33305004495a9","hash":"32829d92264fe309649290fa18b628f9b4ea9ad5"}
,"/Users/kamil.szerlag/Desktop/Projekty/financial-empire/api/mutations/useUpdateUserProfileMutation/index.ts": {"path":"/Users/kamil.szerlag/Desktop/Projekty/financial-empire/api/mutations/useUpdateUserProfileMutation/index.ts","statementMap":{"0":{"start":{"line":9,"column":37},"end":{"line":79,"column":1}},"1":{"start":{"line":10,"column":30},"end":{"line":10,"column":46}},"2":{"start":{"line":12,"column":22},"end":{"line":12,"column":38}},"3":{"start":{"line":14,"column":2},"end":{"line":78,"column":5}},"4":{"start":{"line":16,"column":6},"end":{"line":38,"column":7}},"5":{"start":{"line":18,"column":8},"end":{"line":18,"column":74}},"6":{"start":{"line":18,"column":31},"end":{"line":18,"column":74}},"7":{"start":{"line":21,"column":32},"end":{"line":23,"column":9}},"8":{"start":{"line":22,"column":59},"end":{"line":22,"column":78}},"9":{"start":{"line":25,"column":26},"end":{"line":28,"column":36}},"10":{"start":{"line":30,"column":8},"end":{"line":33,"column":9}},"11":{"start":{"line":32,"column":10},"end":{"line":32,"column":22}},"12":{"start":{"line":35,"column":8},"end":{"line":37,"column":9}},"13":{"start":{"line":36,"column":10},"end":{"line":36,"column":37}},"14":{"start":{"line":43,"column":6},"end":{"line":45,"column":9}},"15":{"start":{"line":49,"column":8},"end":{"line":52,"column":10}},"16":{"start":{"line":54,"column":6},"end":{"line":60,"column":8}},"17":{"start":{"line":56,"column":51},"end":{"line":59,"column":9}},"18":{"start":{"line":63,"column":6},"end":{"line":67,"column":7}},"19":{"start":{"line":64,"column":8},"end":{"line":66,"column":11}},"20":{"start":{"line":69,"column":6},"end":{"line":69,"column":33}},"21":{"start":{"line":72,"column":6},"end":{"line":75,"column":8}}},"fnMap":{"0":{"name":"(anonymous_0)","decl":{"start":{"line":9,"column":37},"end":{"line":9,"column":38}},"loc":{"start":{"line":9,"column":43},"end":{"line":79,"column":1}},"line":9},"1":{"name":"(anonymous_1)","decl":{"start":{"line":15,"column":16},"end":{"line":15,"column":17}},"loc":{"start":{"line":15,"column":75},"end":{"line":39,"column":5}},"line":15},"2":{"name":"(anonymous_2)","decl":{"start":{"line":22,"column":41},"end":{"line":22,"column":42}},"loc":{"start":{"line":22,"column":59},"end":{"line":22,"column":78}},"line":22},"3":{"name":"(anonymous_3)","decl":{"start":{"line":40,"column":14},"end":{"line":40,"column":15}},"loc":{"start":{"line":40,"column":30},"end":{"line":70,"column":5}},"line":40},"4":{"name":"(anonymous_4)","decl":{"start":{"line":56,"column":8},"end":{"line":56,"column":9}},"loc":{"start":{"line":56,"column":51},"end":{"line":59,"column":9}},"line":56},"5":{"name":"(anonymous_5)","decl":{"start":{"line":71,"column":13},"end":{"line":71,"column":14}},"loc":{"start":{"line":71,"column":39},"end":{"line":76,"column":5}},"line":71}},"branchMap":{"0":{"loc":{"start":{"line":18,"column":8},"end":{"line":18,"column":74}},"type":"if","locations":[{"start":{"line":18,"column":8},"end":{"line":18,"column":74}},{"start":{},"end":{}}],"line":18},"1":{"loc":{"start":{"line":30,"column":8},"end":{"line":33,"column":9}},"type":"if","locations":[{"start":{"line":30,"column":8},"end":{"line":33,"column":9}},{"start":{},"end":{}}],"line":30},"2":{"loc":{"start":{"line":35,"column":8},"end":{"line":37,"column":9}},"type":"if","locations":[{"start":{"line":35,"column":8},"end":{"line":37,"column":9}},{"start":{},"end":{}}],"line":35},"3":{"loc":{"start":{"line":63,"column":6},"end":{"line":67,"column":7}},"type":"if","locations":[{"start":{"line":63,"column":6},"end":{"line":67,"column":7}},{"start":{},"end":{}}],"line":63},"4":{"loc":{"start":{"line":63,"column":10},"end":{"line":63,"column":76}},"type":"binary-expr","locations":[{"start":{"line":63,"column":10},"end":{"line":63,"column":25}},{"start":{"line":63,"column":29},"end":{"line":63,"column":76}}],"line":63}},"s":{"0":1,"1":0,"2":0,"3":0,"4":0,"5":0,"6":0,"7":0,"8":0,"9":0,"10":0,"11":0,"12":0,"13":0,"14":0,"15":0,"16":0,"17":0,"18":0,"19":0,"20":0,"21":0},"f":{"0":0,"1":0,"2":0,"3":0,"4":0,"5":0},"b":{"0":[0,0],"1":[0,0],"2":[0,0],"3":[0,0],"4":[0,0]},"_coverageSchema":"1a1c01bbd47fc00a2c39e90264f33305004495a9","hash":"1b39d9eeb15cd34cb9b87d61682f7de25ad7c8df"}
,"/Users/kamil.szerlag/Desktop/Projekty/financial-empire/api/mutations/useUploadAvatarMutation/index.ts": {"path":"/Users/kamil.szerlag/Desktop/Projekty/financial-empire/api/mutations/useUploadAvatarMutation/index.ts","statementMap":{"0":{"start":{"line":8,"column":32},"end":{"line":44,"column":4}},"1":{"start":{"line":9,"column":2},"end":{"line":44,"column":4}},"2":{"start":{"line":13,"column":6},"end":{"line":41,"column":7}},"3":{"start":{"line":14,"column":22},"end":{"line":14,"column":38}},"4":{"start":{"line":20,"column":28},"end":{"line":22,"column":9}},"5":{"start":{"line":21,"column":10},"end":{"line":21,"column":27}},"6":{"start":{"line":24,"column":24},"end":{"line":24,"column":76}},"7":{"start":{"line":25,"column":21},"end":{"line":25,"column":47}},"8":{"start":{"line":26,"column":45},"end":{"line":30,"column":12}},"9":{"start":{"line":32,"column":8},"end":{"line":34,"column":9}},"10":{"start":{"line":33,"column":10},"end":{"line":33,"column":28}},"11":{"start":{"line":36,"column":8},"end":{"line":36,"column":20}},"12":{"start":{"line":38,"column":8},"end":{"line":40,"column":9}},"13":{"start":{"line":39,"column":10},"end":{"line":39,"column":37}}},"fnMap":{"0":{"name":"(anonymous_0)","decl":{"start":{"line":8,"column":32},"end":{"line":8,"column":33}},"loc":{"start":{"line":9,"column":2},"end":{"line":44,"column":4}},"line":9},"1":{"name":"(anonymous_1)","decl":{"start":{"line":10,"column":16},"end":{"line":10,"column":17}},"loc":{"start":{"line":12,"column":63},"end":{"line":42,"column":5}},"line":12},"2":{"name":"(anonymous_2)","decl":{"start":{"line":20,"column":56},"end":{"line":20,"column":57}},"loc":{"start":{"line":21,"column":10},"end":{"line":21,"column":27}},"line":21}},"branchMap":{"0":{"loc":{"start":{"line":24,"column":24},"end":{"line":24,"column":76}},"type":"binary-expr","locations":[{"start":{"line":24,"column":24},"end":{"line":24,"column":66}},{"start":{"line":24,"column":70},"end":{"line":24,"column":76}}],"line":24},"1":{"loc":{"start":{"line":29,"column":25},"end":{"line":29,"column":55}},"type":"binary-expr","locations":[{"start":{"line":29,"column":25},"end":{"line":29,"column":39}},{"start":{"line":29,"column":43},"end":{"line":29,"column":55}}],"line":29},"2":{"loc":{"start":{"line":32,"column":8},"end":{"line":34,"column":9}},"type":"if","locations":[{"start":{"line":32,"column":8},"end":{"line":34,"column":9}},{"start":{},"end":{}}],"line":32},"3":{"loc":{"start":{"line":32,"column":12},"end":{"line":32,"column":32}},"type":"binary-expr","locations":[{"start":{"line":32,"column":12},"end":{"line":32,"column":17}},{"start":{"line":32,"column":21},"end":{"line":32,"column":32}}],"line":32},"4":{"loc":{"start":{"line":38,"column":8},"end":{"line":40,"column":9}},"type":"if","locations":[{"start":{"line":38,"column":8},"end":{"line":40,"column":9}},{"start":{},"end":{}}],"line":38}},"s":{"0":1,"1":0,"2":0,"3":0,"4":0,"5":0,"6":0,"7":0,"8":0,"9":0,"10":0,"11":0,"12":0,"13":0},"f":{"0":0,"1":0,"2":0},"b":{"0":[0,0],"1":[0,0],"2":[0,0],"3":[0,0],"4":[0,0]},"_coverageSchema":"1a1c01bbd47fc00a2c39e90264f33305004495a9","hash":"ab5becf6f32eb0a26ff80fb5e229a8c382605970"}
,"/Users/kamil.szerlag/Desktop/Projekty/financial-empire/api/queries/useMonthlyFinancialSummary/index.tsx": {"path":"/Users/kamil.szerlag/Desktop/Projekty/financial-empire/api/queries/useMonthlyFinancialSummary/index.tsx","statementMap":{"0":{"start":{"line":10,"column":35},"end":{"line":26,"column":4}},"1":{"start":{"line":14,"column":2},"end":{"line":26,"column":4}},"2":{"start":{"line":18,"column":30},"end":{"line":18,"column":36}},"3":{"start":{"line":20,"column":23},"end":{"line":22,"column":8}},"4":{"start":{"line":24,"column":6},"end":{"line":24,"column":18}}},"fnMap":{"0":{"name":"(anonymous_0)","decl":{"start":{"line":10,"column":35},"end":{"line":10,"column":36}},"loc":{"start":{"line":14,"column":2},"end":{"line":26,"column":4}},"line":14},"1":{"name":"(anonymous_1)","decl":{"start":{"line":17,"column":13},"end":{"line":17,"column":14}},"loc":{"start":{"line":17,"column":25},"end":{"line":25,"column":5}},"line":17}},"branchMap":{},"s":{"0":1,"1":0,"2":0,"3":0,"4":0},"f":{"0":0,"1":0},"b":{},"_coverageSchema":"1a1c01bbd47fc00a2c39e90264f33305004495a9","hash":"2792ffa20ccfb82f54b6c01562fdd5e90be3ec54"}
,"/Users/kamil.szerlag/Desktop/Projekty/financial-empire/assets/images/index.ts": {"path":"/Users/kamil.szerlag/Desktop/Projekty/financial-empire/assets/images/index.ts","statementMap":{},"fnMap":{},"branchMap":{},"s":{},"f":{},"b":{},"_coverageSchema":"1a1c01bbd47fc00a2c39e90264f33305004495a9","hash":"8ee6e4ec90548a1eca239ef23ad0d392e89286dd"}
,"/Users/kamil.szerlag/Desktop/Projekty/financial-empire/assets/images/logo.png": {"path":"/Users/kamil.szerlag/Desktop/Projekty/financial-empire/assets/images/logo.png","statementMap":{"0":{"start":{"line":1,"column":0},"end":{"line":4,"column":6}}},"fnMap":{},"branchMap":{},"s":{"0":1},"f":{},"b":{},"_coverageSchema":"1a1c01bbd47fc00a2c39e90264f33305004495a9","hash":"502cdf9bb1dc0988d1d72e76fe8e4c7994dcb85c"}
,"/Users/kamil.szerlag/Desktop/Projekty/financial-empire/assets/svg/index.ts": {"path":"/Users/kamil.szerlag/Desktop/Projekty/financial-empire/assets/svg/index.ts","statementMap":{},"fnMap":{},"branchMap":{},"s":{},"f":{},"b":{},"_coverageSchema":"1a1c01bbd47fc00a2c39e90264f33305004495a9","hash":"d682d8247a1b4ff41723d17a4de37b3b43b2ef06"}
,"/Users/kamil.szerlag/Desktop/Projekty/financial-empire/components/atoms/index.ts": {"path":"/Users/kamil.szerlag/Desktop/Projekty/financial-empire/components/atoms/index.ts","statementMap":{},"fnMap":{},"branchMap":{},"s":{},"f":{},"b":{},"_coverageSchema":"1a1c01bbd47fc00a2c39e90264f33305004495a9","hash":"aea3e8688fb8051548c2e7a6d4c6a7fafafd3ddc"}
,"/Users/kamil.szerlag/Desktop/Projekty/financial-empire/components/atoms/ArrowLeftButton/index.tsx": {"path":"/Users/kamil.szerlag/Desktop/Projekty/financial-empire/components/atoms/ArrowLeftButton/index.tsx","statementMap":{"0":{"start":{"line":6,"column":24},"end":{"line":15,"column":1}},"1":{"start":{"line":7,"column":2},"end":{"line":14,"column":21}}},"fnMap":{"0":{"name":"(anonymous_0)","decl":{"start":{"line":6,"column":24},"end":{"line":6,"column":25}},"loc":{"start":{"line":7,"column":2},"end":{"line":14,"column":21}},"line":7}},"branchMap":{},"s":{"0":6,"1":3},"f":{"0":3},"b":{},"_coverageSchema":"1a1c01bbd47fc00a2c39e90264f33305004495a9","hash":"9bb854c169b3343627789f46c3fb48d6886bac20"}
,"/Users/kamil.szerlag/Desktop/Projekty/financial-empire/components/atoms/Avatar/index.tsx": {"path":"/Users/kamil.szerlag/Desktop/Projekty/financial-empire/components/atoms/Avatar/index.tsx","statementMap":{"0":{"start":{"line":9,"column":15},"end":{"line":64,"column":1}},"1":{"start":{"line":10,"column":46},"end":{"line":10,"column":61}},"2":{"start":{"line":14,"column":2},"end":{"line":18,"column":12}},"3":{"start":{"line":15,"column":4},"end":{"line":17,"column":5}},"4":{"start":{"line":16,"column":6},"end":{"line":16,"column":30}},"5":{"start":{"line":20,"column":2},"end":{"line":29,"column":3}},"6":{"start":{"line":21,"column":4},"end":{"line":28,"column":6}},"7":{"start":{"line":31,"column":2},"end":{"line":63,"column":4}},"8":{"start":{"line":41,"column":26},"end":{"line":41,"column":50}},"9":{"start":{"line":42,"column":27},"end":{"line":42,"column":51}}},"fnMap":{"0":{"name":"(anonymous_0)","decl":{"start":{"line":9,"column":15},"end":{"line":9,"column":16}},"loc":{"start":{"line":9,"column":63},"end":{"line":64,"column":1}},"line":9},"1":{"name":"(anonymous_1)","decl":{"start":{"line":14,"column":12},"end":{"line":14,"column":13}},"loc":{"start":{"line":14,"column":18},"end":{"line":18,"column":3}},"line":14},"2":{"name":"(anonymous_2)","decl":{"start":{"line":41,"column":20},"end":{"line":41,"column":21}},"loc":{"start":{"line":41,"column":26},"end":{"line":41,"column":50}},"line":41},"3":{"name":"(anonymous_3)","decl":{"start":{"line":42,"column":21},"end":{"line":42,"column":22}},"loc":{"start":{"line":42,"column":27},"end":{"line":42,"column":51}},"line":42}},"branchMap":{"0":{"loc":{"start":{"line":9,"column":34},"end":{"line":9,"column":43}},"type":"default-arg","locations":[{"start":{"line":9,"column":41},"end":{"line":9,"column":43}}],"line":9},"1":{"loc":{"start":{"line":15,"column":4},"end":{"line":17,"column":5}},"type":"if","locations":[{"start":{"line":15,"column":4},"end":{"line":17,"column":5}},{"start":{},"end":{}}],"line":15},"2":{"loc":{"start":{"line":20,"column":2},"end":{"line":29,"column":3}},"type":"if","locations":[{"start":{"line":20,"column":2},"end":{"line":29,"column":3}},{"start":{},"end":{}}],"line":20},"3":{"loc":{"start":{"line":33,"column":7},"end":{"line":61,"column":7}},"type":"cond-expr","locations":[{"start":{"line":34,"column":8},"end":{"line":52,"column":15}},{"start":{"line":54,"column":8},"end":{"line":60,"column":15}}],"line":33},"4":{"loc":{"start":{"line":44,"column":11},"end":{"line":51,"column":11}},"type":"binary-expr","locations":[{"start":{"line":44,"column":12},"end":{"line":44,"column":26}},{"start":{"line":44,"column":30},"end":{"line":44,"column":39}},{"start":{"line":45,"column":12},"end":{"line":50,"column":19}}],"line":44}},"s":{"0":6,"1":29,"2":29,"3":16,"4":13,"5":29,"6":5,"7":24,"8":0,"9":0},"f":{"0":29,"1":16,"2":0,"3":0},"b":{"0":[8],"1":[13,3],"2":[5,24],"3":[22,2],"4":[22,11,11]},"_coverageSchema":"1a1c01bbd47fc00a2c39e90264f33305004495a9","hash":"f27b348e7e595b6dd4e8a445b0144d4e6fe54084"}
,"/Users/kamil.szerlag/Desktop/Projekty/financial-empire/components/atoms/Button/index.tsx": {"path":"/Users/kamil.szerlag/Desktop/Projekty/financial-empire/components/atoms/Button/index.tsx","statementMap":{"0":{"start":{"line":8,"column":15},"end":{"line":69,"column":1}},"1":{"start":{"line":18,"column":21},"end":{"line":45,"column":3}},"2":{"start":{"line":19,"column":4},"end":{"line":30,"column":5}},"3":{"start":{"line":20,"column":6},"end":{"line":29,"column":8}},"4":{"start":{"line":32,"column":4},"end":{"line":42,"column":5}},"5":{"start":{"line":33,"column":6},"end":{"line":41,"column":8}},"6":{"start":{"line":44,"column":4},"end":{"line":44,"column":16}},"7":{"start":{"line":47,"column":2},"end":{"line":68,"column":4}}},"fnMap":{"0":{"name":"(anonymous_0)","decl":{"start":{"line":8,"column":15},"end":{"line":8,"column":16}},"loc":{"start":{"line":17,"column":19},"end":{"line":69,"column":1}},"line":17},"1":{"name":"(anonymous_1)","decl":{"start":{"line":18,"column":21},"end":{"line":18,"column":22}},"loc":{"start":{"line":18,"column":27},"end":{"line":45,"column":3}},"line":18}},"branchMap":{"0":{"loc":{"start":{"line":13,"column":2},"end":{"line":13,"column":24}},"type":"default-arg","locations":[{"start":{"line":13,"column":17},"end":{"line":13,"column":24}}],"line":13},"1":{"loc":{"start":{"line":19,"column":4},"end":{"line":30,"column":5}},"type":"if","locations":[{"start":{"line":19,"column":4},"end":{"line":30,"column":5}},{"start":{},"end":{}}],"line":19},"2":{"loc":{"start":{"line":32,"column":4},"end":{"line":42,"column":5}},"type":"if","locations":[{"start":{"line":32,"column":4},"end":{"line":42,"column":5}},{"start":{},"end":{}}],"line":32},"3":{"loc":{"start":{"line":57,"column":7},"end":{"line":57,"column":46}},"type":"binary-expr","locations":[{"start":{"line":57,"column":7},"end":{"line":57,"column":30}},{"start":{"line":57,"column":34},"end":{"line":57,"column":46}}],"line":57},"4":{"loc":{"start":{"line":66,"column":7},"end":{"line":66,"column":47}},"type":"binary-expr","locations":[{"start":{"line":66,"column":7},"end":{"line":66,"column":31}},{"start":{"line":66,"column":35},"end":{"line":66,"column":47}}],"line":66}},"s":{"0":6,"1":12,"2":12,"3":4,"4":8,"5":0,"6":8,"7":12},"f":{"0":12,"1":12},"b":{"0":[12],"1":[4,8],"2":[0,8],"3":[12,0],"4":[12,12]},"_coverageSchema":"1a1c01bbd47fc00a2c39e90264f33305004495a9","hash":"d4069f5d9c888109912b3f9a8f03e8d8d6cc0f06"}
,"/Users/kamil.szerlag/Desktop/Projekty/financial-empire/components/atoms/CategoryIcon/index.tsx": {"path":"/Users/kamil.szerlag/Desktop/Projekty/financial-empire/components/atoms/CategoryIcon/index.tsx","statementMap":{"0":{"start":{"line":7,"column":21},"end":{"line":29,"column":1}},"1":{"start":{"line":8,"column":19},"end":{"line":8,"column":57}},"2":{"start":{"line":10,"column":2},"end":{"line":28,"column":4}}},"fnMap":{"0":{"name":"(anonymous_0)","decl":{"start":{"line":7,"column":21},"end":{"line":7,"column":22}},"loc":{"start":{"line":7,"column":73},"end":{"line":29,"column":1}},"line":7}},"branchMap":{"0":{"loc":{"start":{"line":7,"column":38},"end":{"line":7,"column":47}},"type":"default-arg","locations":[{"start":{"line":7,"column":45},"end":{"line":7,"column":47}}],"line":7},"1":{"loc":{"start":{"line":23,"column":23},"end":{"line":23,"column":65}},"type":"binary-expr","locations":[{"start":{"line":23,"column":23},"end":{"line":23,"column":48}},{"start":{"line":23,"column":52},"end":{"line":23,"column":65}}],"line":23}},"s":{"0":5,"1":0,"2":0},"f":{"0":0},"b":{"0":[0],"1":[0,0]},"_coverageSchema":"1a1c01bbd47fc00a2c39e90264f33305004495a9","hash":"90c906fc0b62950d9c14db68b73a7c348cc60501"}
,"/Users/kamil.szerlag/Desktop/Projekty/financial-empire/components/atoms/CheckableButton/index.tsx": {"path":"/Users/kamil.szerlag/Desktop/Projekty/financial-empire/components/atoms/CheckableButton/index.tsx","statementMap":{"0":{"start":{"line":5,"column":24},"end":{"line":30,"column":1}},"1":{"start":{"line":11,"column":2},"end":{"line":29,"column":21}}},"fnMap":{"0":{"name":"(anonymous_0)","decl":{"start":{"line":5,"column":24},"end":{"line":5,"column":25}},"loc":{"start":{"line":11,"column":2},"end":{"line":29,"column":21}},"line":11}},"branchMap":{},"s":{"0":6,"1":2},"f":{"0":2},"b":{},"_coverageSchema":"1a1c01bbd47fc00a2c39e90264f33305004495a9","hash":"336f8ab1ae4f5a40149157a53585e0edaa4e7c6e"}
,"/Users/kamil.szerlag/Desktop/Projekty/financial-empire/components/atoms/FloatingAddButton/index.tsx": {"path":"/Users/kamil.szerlag/Desktop/Projekty/financial-empire/components/atoms/FloatingAddButton/index.tsx","statementMap":{"0":{"start":{"line":7,"column":26},"end":{"line":18,"column":1}},"1":{"start":{"line":8,"column":2},"end":{"line":17,"column":21}}},"fnMap":{"0":{"name":"(anonymous_0)","decl":{"start":{"line":7,"column":26},"end":{"line":7,"column":27}},"loc":{"start":{"line":8,"column":2},"end":{"line":17,"column":21}},"line":8}},"branchMap":{},"s":{"0":6,"1":2},"f":{"0":2},"b":{},"_coverageSchema":"1a1c01bbd47fc00a2c39e90264f33305004495a9","hash":"c112f58e3a50776e66c26d25f10d02b599b06794"}
,"/Users/kamil.szerlag/Desktop/Projekty/financial-empire/components/atoms/LinkButton/index.tsx": {"path":"/Users/kamil.szerlag/Desktop/Projekty/financial-empire/components/atoms/LinkButton/index.tsx","statementMap":{"0":{"start":{"line":7,"column":19},"end":{"line":20,"column":1}},"1":{"start":{"line":13,"column":2},"end":{"line":19,"column":21}}},"fnMap":{"0":{"name":"(anonymous_0)","decl":{"start":{"line":7,"column":19},"end":{"line":7,"column":20}},"loc":{"start":{"line":13,"column":2},"end":{"line":19,"column":21}},"line":13}},"branchMap":{},"s":{"0":5,"1":10},"f":{"0":10},"b":{},"_coverageSchema":"1a1c01bbd47fc00a2c39e90264f33305004495a9","hash":"b3c9224716bfd29fac2b5cc042105e8e16f37534"}
,"/Users/kamil.szerlag/Desktop/Projekty/financial-empire/components/atoms/Loader/index.tsx": {"path":"/Users/kamil.szerlag/Desktop/Projekty/financial-empire/components/atoms/Loader/index.tsx","statementMap":{"0":{"start":{"line":7,"column":15},"end":{"line":14,"column":1}},"1":{"start":{"line":8,"column":2},"end":{"line":13,"column":4}}},"fnMap":{"0":{"name":"(anonymous_0)","decl":{"start":{"line":7,"column":15},"end":{"line":7,"column":16}},"loc":{"start":{"line":8,"column":2},"end":{"line":13,"column":4}},"line":8}},"branchMap":{},"s":{"0":7,"1":10},"f":{"0":10},"b":{},"_coverageSchema":"1a1c01bbd47fc00a2c39e90264f33305004495a9","hash":"efce5b838d33540b412f57d4a1b50b0ed1a05ad2"}
,"/Users/kamil.szerlag/Desktop/Projekty/financial-empire/components/atoms/Radio/index.tsx": {"path":"/Users/kamil.szerlag/Desktop/Projekty/financial-empire/components/atoms/Radio/index.tsx","statementMap":{"0":{"start":{"line":5,"column":14},"end":{"line":52,"column":1}},"1":{"start":{"line":12,"column":29},"end":{"line":15,"column":3}},"2":{"start":{"line":17,"column":20},"end":{"line":20,"column":3}},"3":{"start":{"line":22,"column":2},"end":{"line":51,"column":4}}},"fnMap":{"0":{"name":"(anonymous_0)","decl":{"start":{"line":5,"column":14},"end":{"line":5,"column":15}},"loc":{"start":{"line":11,"column":18},"end":{"line":52,"column":1}},"line":11}},"branchMap":{"0":{"loc":{"start":{"line":8,"column":2},"end":{"line":8,"column":11}},"type":"default-arg","locations":[{"start":{"line":8,"column":9},"end":{"line":8,"column":11}}],"line":8},"1":{"loc":{"start":{"line":29,"column":26},"end":{"line":29,"column":62}},"type":"cond-expr","locations":[{"start":{"line":29,"column":39},"end":{"line":29,"column":57}},{"start":{"line":29,"column":60},"end":{"line":29,"column":62}}],"line":29},"2":{"loc":{"start":{"line":49,"column":7},"end":{"line":49,"column":63}},"type":"cond-expr","locations":[{"start":{"line":49,"column":35},"end":{"line":49,"column":55}},{"start":{"line":49,"column":58},"end":{"line":49,"column":63}}],"line":49}},"s":{"0":6,"1":3,"2":3,"3":3},"f":{"0":3},"b":{"0":[3],"1":[0,3],"2":[2,1]},"_coverageSchema":"1a1c01bbd47fc00a2c39e90264f33305004495a9","hash":"30182b3159f213c2511d94e5d015c6d629e68377"}
,"/Users/kamil.szerlag/Desktop/Projekty/financial-empire/components/atoms/SafeAreaWrapper/index.tsx": {"path":"/Users/kamil.szerlag/Desktop/Projekty/financial-empire/components/atoms/SafeAreaWrapper/index.tsx","statementMap":{"0":{"start":{"line":8,"column":24},"end":{"line":19,"column":1}},"1":{"start":{"line":9,"column":31},"end":{"line":9,"column":50}},"2":{"start":{"line":11,"column":2},"end":{"line":18,"column":4}}},"fnMap":{"0":{"name":"(anonymous_0)","decl":{"start":{"line":8,"column":24},"end":{"line":8,"column":25}},"loc":{"start":{"line":8,"column":75},"end":{"line":19,"column":1}},"line":8}},"branchMap":{},"s":{"0":5,"1":10,"2":10},"f":{"0":10},"b":{},"_coverageSchema":"1a1c01bbd47fc00a2c39e90264f33305004495a9","hash":"6214ae10a82a00683481c97e2a8b60406a784924"}
,"/Users/kamil.szerlag/Desktop/Projekty/financial-empire/components/atoms/ScreenContentWrapper/index.tsx": {"path":"/Users/kamil.szerlag/Desktop/Projekty/financial-empire/components/atoms/ScreenContentWrapper/index.tsx","statementMap":{"0":{"start":{"line":8,"column":29},"end":{"line":46,"column":1}},"1":{"start":{"line":17,"column":4},"end":{"line":29,"column":11}},"2":{"start":{"line":32,"column":2},"end":{"line":45,"column":4}}},"fnMap":{"0":{"name":"(anonymous_0)","decl":{"start":{"line":8,"column":29},"end":{"line":8,"column":30}},"loc":{"start":{"line":15,"column":33},"end":{"line":46,"column":1}},"line":15}},"branchMap":{"0":{"loc":{"start":{"line":32,"column":9},"end":{"line":45,"column":3}},"type":"cond-expr","locations":[{"start":{"line":33,"column":4},"end":{"line":42,"column":30}},{"start":{"line":44,"column":4},"end":{"line":44,"column":11}}],"line":32}},"s":{"0":5,"1":10,"2":10},"f":{"0":10},"b":{"0":[10,0]},"_coverageSchema":"1a1c01bbd47fc00a2c39e90264f33305004495a9","hash":"96d32f997703ace56eb8d77216b42f963af3e468"}
,"/Users/kamil.szerlag/Desktop/Projekty/financial-empire/components/atoms/fields/Input/index.tsx": {"path":"/Users/kamil.szerlag/Desktop/Projekty/financial-empire/components/atoms/fields/Input/index.tsx","statementMap":{"0":{"start":{"line":7,"column":14},"end":{"line":80,"column":1}},"1":{"start":{"line":15,"column":36},"end":{"line":15,"column":51}},"2":{"start":{"line":21,"column":6},"end":{"line":21,"column":20}},"3":{"start":{"line":27,"column":6},"end":{"line":27,"column":21}},"4":{"start":{"line":29,"column":22},"end":{"line":31,"column":3}},"5":{"start":{"line":30,"column":4},"end":{"line":30,"column":34}},"6":{"start":{"line":30,"column":27},"end":{"line":30,"column":32}},"7":{"start":{"line":33,"column":2},"end":{"line":79,"column":4}}},"fnMap":{"0":{"name":"(anonymous_0)","decl":{"start":{"line":7,"column":14},"end":{"line":7,"column":15}},"loc":{"start":{"line":14,"column":18},"end":{"line":80,"column":1}},"line":14},"1":{"name":"(anonymous_1)","decl":{"start":{"line":29,"column":22},"end":{"line":29,"column":23}},"loc":{"start":{"line":29,"column":28},"end":{"line":31,"column":3}},"line":29},"2":{"name":"(anonymous_2)","decl":{"start":{"line":30,"column":17},"end":{"line":30,"column":18}},"loc":{"start":{"line":30,"column":27},"end":{"line":30,"column":32}},"line":30}},"branchMap":{"0":{"loc":{"start":{"line":21,"column":6},"end":{"line":21,"column":20}},"type":"binary-expr","locations":[{"start":{"line":21,"column":6},"end":{"line":21,"column":14}},{"start":{"line":21,"column":18},"end":{"line":21,"column":20}}],"line":21},"1":{"loc":{"start":{"line":27,"column":6},"end":{"line":27,"column":21}},"type":"binary-expr","locations":[{"start":{"line":27,"column":6},"end":{"line":27,"column":15}},{"start":{"line":27,"column":19},"end":{"line":27,"column":21}}],"line":27},"2":{"loc":{"start":{"line":35,"column":7},"end":{"line":35,"column":72}},"type":"binary-expr","locations":[{"start":{"line":35,"column":7},"end":{"line":35,"column":12}},{"start":{"line":35,"column":16},"end":{"line":35,"column":72}}],"line":35},"3":{"loc":{"start":{"line":37,"column":9},"end":{"line":47,"column":9}},"type":"binary-expr","locations":[{"start":{"line":37,"column":9},"end":{"line":37,"column":17}},{"start":{"line":38,"column":10},"end":{"line":46,"column":29}}],"line":37},"4":{"loc":{"start":{"line":44,"column":28},"end":{"line":44,"column":65}},"type":"binary-expr","locations":[{"start":{"line":44,"column":28},"end":{"line":44,"column":41}},{"start":{"line":44,"column":45},"end":{"line":44,"column":65}}],"line":44},"5":{"loc":{"start":{"line":53,"column":31},"end":{"line":53,"column":58}},"type":"binary-expr","locations":[{"start":{"line":53,"column":31},"end":{"line":53,"column":41}},{"start":{"line":53,"column":45},"end":{"line":53,"column":58}}],"line":53},"6":{"loc":{"start":{"line":55,"column":39},"end":{"line":55,"column":65}},"type":"binary-expr","locations":[{"start":{"line":55,"column":39},"end":{"line":55,"column":48}},{"start":{"line":55,"column":52},"end":{"line":55,"column":65}}],"line":55},"7":{"loc":{"start":{"line":62,"column":9},"end":{"line":72,"column":9}},"type":"binary-expr","locations":[{"start":{"line":62,"column":9},"end":{"line":62,"column":18}},{"start":{"line":63,"column":10},"end":{"line":71,"column":29}}],"line":62},"8":{"loc":{"start":{"line":69,"column":28},"end":{"line":69,"column":66}},"type":"binary-expr","locations":[{"start":{"line":69,"column":28},"end":{"line":69,"column":42}},{"start":{"line":69,"column":46},"end":{"line":69,"column":66}}],"line":69},"9":{"loc":{"start":{"line":75,"column":7},"end":{"line":77,"column":7}},"type":"binary-expr","locations":[{"start":{"line":75,"column":7},"end":{"line":75,"column":19}},{"start":{"line":76,"column":8},"end":{"line":76,"column":77}}],"line":75}},"s":{"0":7,"1":41,"2":41,"3":41,"4":41,"5":0,"6":0,"7":41},"f":{"0":41,"1":0,"2":0},"b":{"0":[41,39],"1":[41,18],"2":[41,27],"3":[41,2],"4":[2,2],"5":[41,41],"6":[41,0],"7":[41,8],"8":[8,8],"9":[41,3]},"_coverageSchema":"1a1c01bbd47fc00a2c39e90264f33305004495a9","hash":"d47d58a3b421286ea5dc84b82e4cabb577bbe987"}
,"/Users/kamil.szerlag/Desktop/Projekty/financial-empire/components/atoms/fields/PasswordInput/index.tsx": {"path":"/Users/kamil.szerlag/Desktop/Projekty/financial-empire/components/atoms/fields/PasswordInput/index.tsx","statementMap":{"0":{"start":{"line":6,"column":22},"end":{"line":24,"column":1}},"1":{"start":{"line":7,"column":34},"end":{"line":7,"column":48}},"2":{"start":{"line":8,"column":21},"end":{"line":8,"column":58}},"3":{"start":{"line":10,"column":2},"end":{"line":23,"column":4}},"4":{"start":{"line":15,"column":23},"end":{"line":15,"column":61}},"5":{"start":{"line":15,"column":50},"end":{"line":15,"column":60}}},"fnMap":{"0":{"name":"(anonymous_0)","decl":{"start":{"line":6,"column":22},"end":{"line":6,"column":23}},"loc":{"start":{"line":6,"column":73},"end":{"line":24,"column":1}},"line":6},"1":{"name":"(anonymous_1)","decl":{"start":{"line":15,"column":17},"end":{"line":15,"column":18}},"loc":{"start":{"line":15,"column":23},"end":{"line":15,"column":61}},"line":15},"2":{"name":"(anonymous_2)","decl":{"start":{"line":15,"column":35},"end":{"line":15,"column":36}},"loc":{"start":{"line":15,"column":50},"end":{"line":15,"column":60}},"line":15}},"branchMap":{"0":{"loc":{"start":{"line":8,"column":21},"end":{"line":8,"column":58}},"type":"cond-expr","locations":[{"start":{"line":8,"column":32},"end":{"line":8,"column":43}},{"start":{"line":8,"column":46},"end":{"line":8,"column":58}}],"line":8},"1":{"loc":{"start":{"line":14,"column":14},"end":{"line":14,"column":44}},"type":"cond-expr","locations":[{"start":{"line":14,"column":22},"end":{"line":14,"column":32}},{"start":{"line":14,"column":35},"end":{"line":14,"column":44}}],"line":14}},"s":{"0":6,"1":21,"2":21,"3":21,"4":1,"5":1},"f":{"0":21,"1":1,"2":1},"b":{"0":[20,1],"1":[6,15]},"_coverageSchema":"1a1c01bbd47fc00a2c39e90264f33305004495a9","hash":"ebd64b1748f887d576a56349e03acc985beb36b9"}
,"/Users/kamil.szerlag/Desktop/Projekty/financial-empire/components/molecules/index.ts": {"path":"/Users/kamil.szerlag/Desktop/Projekty/financial-empire/components/molecules/index.ts","statementMap":{},"fnMap":{},"branchMap":{},"s":{},"f":{},"b":{},"_coverageSchema":"1a1c01bbd47fc00a2c39e90264f33305004495a9","hash":"75986b1c7fd07433e6c70665a4d84af4ecceee29"}
,"/Users/kamil.szerlag/Desktop/Projekty/financial-empire/components/molecules/CategoryButton/index.tsx": {"path":"/Users/kamil.szerlag/Desktop/Projekty/financial-empire/components/molecules/CategoryButton/index.tsx","statementMap":{"0":{"start":{"line":6,"column":23},"end":{"line":21,"column":1}},"1":{"start":{"line":11,"column":2},"end":{"line":20,"column":21}}},"fnMap":{"0":{"name":"(anonymous_0)","decl":{"start":{"line":6,"column":23},"end":{"line":6,"column":24}},"loc":{"start":{"line":11,"column":2},"end":{"line":20,"column":21}},"line":11}},"branchMap":{},"s":{"0":5,"1":0},"f":{"0":0},"b":{},"_coverageSchema":"1a1c01bbd47fc00a2c39e90264f33305004495a9","hash":"fbf945107881fbdf7bc0a502ee7c0bf86534aaec"}
,"/Users/kamil.szerlag/Desktop/Projekty/financial-empire/components/molecules/EditableAvatar/index.tsx": {"path":"/Users/kamil.szerlag/Desktop/Projekty/financial-empire/components/molecules/EditableAvatar/index.tsx","statementMap":{"0":{"start":{"line":11,"column":23},"end":{"line":70,"column":1}},"1":{"start":{"line":12,"column":24},"end":{"line":12,"column":40}},"2":{"start":{"line":15,"column":4},"end":{"line":15,"column":29}},"3":{"start":{"line":18,"column":4},"end":{"line":18,"column":34}},"4":{"start":{"line":20,"column":28},"end":{"line":37,"column":3}},"5":{"start":{"line":21,"column":19},"end":{"line":26,"column":6}},"6":{"start":{"line":28,"column":4},"end":{"line":28,"column":24}},"7":{"start":{"line":28,"column":17},"end":{"line":28,"column":24}},"8":{"start":{"line":30,"column":4},"end":{"line":36,"column":7}},"9":{"start":{"line":32,"column":8},"end":{"line":32,"column":32}},"10":{"start":{"line":32,"column":25},"end":{"line":32,"column":32}},"11":{"start":{"line":34,"column":8},"end":{"line":34,"column":53}},"12":{"start":{"line":39,"column":2},"end":{"line":69,"column":4}}},"fnMap":{"0":{"name":"(anonymous_0)","decl":{"start":{"line":11,"column":23},"end":{"line":11,"column":24}},"loc":{"start":{"line":11,"column":68},"end":{"line":70,"column":1}},"line":11},"1":{"name":"(anonymous_1)","decl":{"start":{"line":20,"column":28},"end":{"line":20,"column":29}},"loc":{"start":{"line":20,"column":40},"end":{"line":37,"column":3}},"line":20},"2":{"name":"(anonymous_2)","decl":{"start":{"line":31,"column":17},"end":{"line":31,"column":18}},"loc":{"start":{"line":31,"column":27},"end":{"line":35,"column":7}},"line":31}},"branchMap":{"0":{"loc":{"start":{"line":11,"column":31},"end":{"line":11,"column":40}},"type":"default-arg","locations":[{"start":{"line":11,"column":38},"end":{"line":11,"column":40}}],"line":11},"1":{"loc":{"start":{"line":28,"column":4},"end":{"line":28,"column":24}},"type":"if","locations":[{"start":{"line":28,"column":4},"end":{"line":28,"column":24}},{"start":{},"end":{}}],"line":28},"2":{"loc":{"start":{"line":32,"column":8},"end":{"line":32,"column":32}},"type":"if","locations":[{"start":{"line":32,"column":8},"end":{"line":32,"column":32}},{"start":{},"end":{}}],"line":32},"3":{"loc":{"start":{"line":51,"column":21},"end":{"line":51,"column":53}},"type":"binary-expr","locations":[{"start":{"line":51,"column":21},"end":{"line":51,"column":32}},{"start":{"line":51,"column":36},"end":{"line":51,"column":53}}],"line":51}},"s":{"0":2,"1":11,"2":11,"3":11,"4":11,"5":5,"6":5,"7":2,"8":3,"9":2,"10":1,"11":1,"12":11},"f":{"0":11,"1":5,"2":2},"b":{"0":[10],"1":[2,3],"2":[1,1],"3":[11,10]},"_coverageSchema":"1a1c01bbd47fc00a2c39e90264f33305004495a9","hash":"da2d4dccdb6415cdc05c7b75919a7e5066ff3237"}
,"/Users/kamil.szerlag/Desktop/Projekty/financial-empire/components/molecules/NumberPad/NumberPadButton.tsx": {"path":"/Users/kamil.szerlag/Desktop/Projekty/financial-empire/components/molecules/NumberPad/NumberPadButton.tsx","statementMap":{"0":{"start":{"line":6,"column":31},"end":{"line":24,"column":1}},"1":{"start":{"line":15,"column":2},"end":{"line":23,"column":21}}},"fnMap":{"0":{"name":"(anonymous_0)","decl":{"start":{"line":6,"column":31},"end":{"line":6,"column":32}},"loc":{"start":{"line":15,"column":2},"end":{"line":23,"column":21}},"line":15}},"branchMap":{},"s":{"0":2,"1":180},"f":{"0":180},"b":{},"_coverageSchema":"1a1c01bbd47fc00a2c39e90264f33305004495a9","hash":"7050e1cb318bc85936e3515968d143c3bf875607"}
,"/Users/kamil.szerlag/Desktop/Projekty/financial-empire/components/molecules/NumberPad/consts.ts": {"path":"/Users/kamil.szerlag/Desktop/Projekty/financial-empire/components/molecules/NumberPad/consts.ts","statementMap":{"0":{"start":{"line":3,"column":45},"end":{"line":8,"column":1}}},"fnMap":{},"branchMap":{},"s":{"0":2},"f":{},"b":{},"_coverageSchema":"1a1c01bbd47fc00a2c39e90264f33305004495a9","hash":"05e3b3b7dbfc507bbda92f3a0f37115d9ed84908"}
,"/Users/kamil.szerlag/Desktop/Projekty/financial-empire/components/molecules/NumberPad/index.tsx": {"path":"/Users/kamil.szerlag/Desktop/Projekty/financial-empire/components/molecules/NumberPad/index.tsx","statementMap":{"0":{"start":{"line":9,"column":18},"end":{"line":101,"column":1}},"1":{"start":{"line":15,"column":22},"end":{"line":20,"column":3}},"2":{"start":{"line":17,"column":6},"end":{"line":17,"column":43}},"3":{"start":{"line":22,"column":22},"end":{"line":64,"column":3}},"4":{"start":{"line":24,"column":6},"end":{"line":28,"column":7}},"5":{"start":{"line":25,"column":25},"end":{"line":25,"column":43}},"6":{"start":{"line":26,"column":8},"end":{"line":26,"column":30}},"7":{"start":{"line":27,"column":8},"end":{"line":27,"column":15}},"8":{"start":{"line":31,"column":6},"end":{"line":52,"column":7}},"9":{"start":{"line":33,"column":8},"end":{"line":36,"column":9}},"10":{"start":{"line":34,"column":10},"end":{"line":34,"column":27}},"11":{"start":{"line":35,"column":10},"end":{"line":35,"column":17}},"12":{"start":{"line":39,"column":8},"end":{"line":41,"column":9}},"13":{"start":{"line":40,"column":10},"end":{"line":40,"column":17}},"14":{"start":{"line":44,"column":25},"end":{"line":44,"column":43}},"15":{"start":{"line":45,"column":8},"end":{"line":47,"column":9}},"16":{"start":{"line":46,"column":10},"end":{"line":46,"column":17}},"17":{"start":{"line":49,"column":25},"end":{"line":49,"column":36}},"18":{"start":{"line":50,"column":8},"end":{"line":50,"column":30}},"19":{"start":{"line":51,"column":8},"end":{"line":51,"column":15}},"20":{"start":{"line":54,"column":6},"end":{"line":61,"column":7}},"21":{"start":{"line":55,"column":8},"end":{"line":57,"column":9}},"22":{"start":{"line":56,"column":10},"end":{"line":56,"column":17}},"23":{"start":{"line":58,"column":25},"end":{"line":58,"column":36}},"24":{"start":{"line":59,"column":8},"end":{"line":59,"column":30}},"25":{"start":{"line":60,"column":8},"end":{"line":60,"column":15}},"26":{"start":{"line":66,"column":2},"end":{"line":100,"column":4}},"27":{"start":{"line":84,"column":12},"end":{"line":95,"column":19}},"28":{"start":{"line":89,"column":16},"end":{"line":93,"column":18}},"29":{"start":{"line":91,"column":33},"end":{"line":91,"column":51}}},"fnMap":{"0":{"name":"(anonymous_0)","decl":{"start":{"line":9,"column":18},"end":{"line":9,"column":19}},"loc":{"start":{"line":14,"column":22},"end":{"line":101,"column":1}},"line":14},"1":{"name":"(anonymous_1)","decl":{"start":{"line":16,"column":4},"end":{"line":16,"column":5}},"loc":{"start":{"line":16,"column":23},"end":{"line":18,"column":5}},"line":16},"2":{"name":"(anonymous_2)","decl":{"start":{"line":23,"column":4},"end":{"line":23,"column":5}},"loc":{"start":{"line":23,"column":23},"end":{"line":62,"column":5}},"line":23},"3":{"name":"(anonymous_3)","decl":{"start":{"line":83,"column":31},"end":{"line":83,"column":32}},"loc":{"start":{"line":84,"column":12},"end":{"line":95,"column":19}},"line":84},"4":{"name":"(anonymous_4)","decl":{"start":{"line":88,"column":23},"end":{"line":88,"column":24}},"loc":{"start":{"line":89,"column":16},"end":{"line":93,"column":18}},"line":89},"5":{"name":"(anonymous_5)","decl":{"start":{"line":91,"column":27},"end":{"line":91,"column":28}},"loc":{"start":{"line":91,"column":33},"end":{"line":91,"column":51}},"line":91}},"branchMap":{"0":{"loc":{"start":{"line":12,"column":2},"end":{"line":12,"column":17}},"type":"default-arg","locations":[{"start":{"line":12,"column":12},"end":{"line":12,"column":17}}],"line":12},"1":{"loc":{"start":{"line":17,"column":15},"end":{"line":17,"column":41}},"type":"cond-expr","locations":[{"start":{"line":17,"column":30},"end":{"line":17,"column":33}},{"start":{"line":17,"column":36},"end":{"line":17,"column":41}}],"line":17},"2":{"loc":{"start":{"line":24,"column":6},"end":{"line":28,"column":7}},"type":"if","locations":[{"start":{"line":24,"column":6},"end":{"line":28,"column":7}},{"start":{},"end":{}}],"line":24},"3":{"loc":{"start":{"line":31,"column":6},"end":{"line":52,"column":7}},"type":"if","locations":[{"start":{"line":31,"column":6},"end":{"line":52,"column":7}},{"start":{},"end":{}}],"line":31},"4":{"loc":{"start":{"line":33,"column":8},"end":{"line":36,"column":9}},"type":"if","locations":[{"start":{"line":33,"column":8},"end":{"line":36,"column":9}},{"start":{},"end":{}}],"line":33},"5":{"loc":{"start":{"line":33,"column":12},"end":{"line":33,"column":46}},"type":"binary-expr","locations":[{"start":{"line":33,"column":12},"end":{"line":33,"column":25}},{"start":{"line":33,"column":29},"end":{"line":33,"column":46}}],"line":33},"6":{"loc":{"start":{"line":39,"column":8},"end":{"line":41,"column":9}},"type":"if","locations":[{"start":{"line":39,"column":8},"end":{"line":41,"column":9}},{"start":{},"end":{}}],"line":39},"7":{"loc":{"start":{"line":39,"column":12},"end":{"line":39,"column":39}},"type":"binary-expr","locations":[{"start":{"line":39,"column":12},"end":{"line":39,"column":24}},{"start":{"line":39,"column":28},"end":{"line":39,"column":39}}],"line":39},"8":{"loc":{"start":{"line":45,"column":8},"end":{"line":47,"column":9}},"type":"if","locations":[{"start":{"line":45,"column":8},"end":{"line":47,"column":9}},{"start":{},"end":{}}],"line":45},"9":{"loc":{"start":{"line":45,"column":12},"end":{"line":45,"column":58}},"type":"binary-expr","locations":[{"start":{"line":45,"column":12},"end":{"line":45,"column":27}},{"start":{"line":45,"column":31},"end":{"line":45,"column":58}}],"line":45},"10":{"loc":{"start":{"line":54,"column":6},"end":{"line":61,"column":7}},"type":"if","locations":[{"start":{"line":54,"column":6},"end":{"line":61,"column":7}},{"start":{},"end":{}}],"line":54},"11":{"loc":{"start":{"line":55,"column":8},"end":{"line":57,"column":9}},"type":"if","locations":[{"start":{"line":55,"column":8},"end":{"line":57,"column":9}},{"start":{},"end":{}}],"line":55},"12":{"loc":{"start":{"line":55,"column":12},"end":{"line":55,"column":47}},"type":"binary-expr","locations":[{"start":{"line":55,"column":12},"end":{"line":55,"column":24}},{"start":{"line":55,"column":28},"end":{"line":55,"column":47}}],"line":55},"13":{"loc":{"start":{"line":68,"column":7},"end":{"line":79,"column":7}},"type":"binary-expr","locations":[{"start":{"line":68,"column":7},"end":{"line":68,"column":14}},{"start":{"line":69,"column":8},"end":{"line":78,"column":15}}],"line":68},"14":{"loc":{"start":{"line":76,"column":13},"end":{"line":76,"column":23}},"type":"binary-expr","locations":[{"start":{"line":76,"column":13},"end":{"line":76,"column":18}},{"start":{"line":76,"column":22},"end":{"line":76,"column":23}}],"line":76}},"s":{"0":2,"1":15,"2":21,"3":15,"4":31,"5":4,"6":4,"7":4,"8":27,"9":21,"10":1,"11":1,"12":20,"13":0,"14":20,"15":20,"16":4,"17":16,"18":16,"19":16,"20":6,"21":6,"22":6,"23":0,"24":0,"25":0,"26":15,"27":60,"28":180,"29":31},"f":{"0":15,"1":21,"2":31,"3":60,"4":180,"5":31},"b":{"0":[1],"1":[2,19],"2":[4,27],"3":[21,6],"4":[1,20],"5":[21,1],"6":[0,20],"7":[20,0],"8":[4,16],"9":[20,11],"10":[6,0],"11":[6,0],"12":[6,5],"13":[15,14],"14":[14,2]},"_coverageSchema":"1a1c01bbd47fc00a2c39e90264f33305004495a9","hash":"678676b380b83a99e7d84de8325c58f64c63334c"}
,"/Users/kamil.szerlag/Desktop/Projekty/financial-empire/components/molecules/NumberPad/types.ts": {"path":"/Users/kamil.szerlag/Desktop/Projekty/financial-empire/components/molecules/NumberPad/types.ts","statementMap":{"0":{"start":{"line":1,"column":20},"end":{"line":14,"column":10}}},"fnMap":{},"branchMap":{},"s":{"0":2},"f":{},"b":{},"_coverageSchema":"1a1c01bbd47fc00a2c39e90264f33305004495a9","hash":"34034b576e1d7024cd7cf77a06852ce0905cd3c6"}
,"/Users/kamil.szerlag/Desktop/Projekty/financial-empire/components/molecules/RadioGroup/index.tsx": {"path":"/Users/kamil.szerlag/Desktop/Projekty/financial-empire/components/molecules/RadioGroup/index.tsx","statementMap":{"0":{"start":{"line":6,"column":19},"end":{"line":40,"column":1}},"1":{"start":{"line":14,"column":23},"end":{"line":14,"column":51}},"2":{"start":{"line":16,"column":2},"end":{"line":39,"column":4}},"3":{"start":{"line":26,"column":29},"end":{"line":26,"column":59}},"4":{"start":{"line":28,"column":10},"end":{"line":35,"column":12}},"5":{"start":{"line":32,"column":29},"end":{"line":32,"column":51}}},"fnMap":{"0":{"name":"(anonymous_0)","decl":{"start":{"line":6,"column":19},"end":{"line":6,"column":20}},"loc":{"start":{"line":13,"column":26},"end":{"line":40,"column":1}},"line":13},"1":{"name":"(anonymous_1)","decl":{"start":{"line":25,"column":21},"end":{"line":25,"column":22}},"loc":{"start":{"line":25,"column":40},"end":{"line":36,"column":9}},"line":25},"2":{"name":"(anonymous_2)","decl":{"start":{"line":32,"column":23},"end":{"line":32,"column":24}},"loc":{"start":{"line":32,"column":29},"end":{"line":32,"column":51}},"line":32}},"branchMap":{"0":{"loc":{"start":{"line":12,"column":2},"end":{"line":12,"column":26}},"type":"default-arg","locations":[{"start":{"line":12,"column":16},"end":{"line":12,"column":26}}],"line":12},"1":{"loc":{"start":{"line":18,"column":7},"end":{"line":18,"column":53}},"type":"binary-expr","locations":[{"start":{"line":18,"column":7},"end":{"line":18,"column":12}},{"start":{"line":18,"column":16},"end":{"line":18,"column":53}}],"line":18}},"s":{"0":1,"1":0,"2":0,"3":0,"4":0,"5":0},"f":{"0":0,"1":0,"2":0},"b":{"0":[0],"1":[0,0]},"_coverageSchema":"1a1c01bbd47fc00a2c39e90264f33305004495a9","hash":"eaa721c824bb60c5aaa1b42aa000f9cdb6f53a34"}
,"/Users/kamil.szerlag/Desktop/Projekty/financial-empire/components/molecules/Swipeable/index.tsx": {"path":"/Users/kamil.szerlag/Desktop/Projekty/financial-empire/components/molecules/Swipeable/index.tsx","statementMap":{"0":{"start":{"line":7,"column":18},"end":{"line":13,"column":1}},"1":{"start":{"line":9,"column":4},"end":{"line":11,"column":26}},"2":{"start":{"line":15,"column":0},"end":{"line":15,"column":36}}},"fnMap":{"0":{"name":"(anonymous_0)","decl":{"start":{"line":8,"column":2},"end":{"line":8,"column":3}},"loc":{"start":{"line":9,"column":4},"end":{"line":11,"column":26}},"line":9}},"branchMap":{},"s":{"0":1,"1":3,"2":1},"f":{"0":3},"b":{},"_coverageSchema":"1a1c01bbd47fc00a2c39e90264f33305004495a9","hash":"86d811d638c473b6e9f9f1a82af11f01a963f2ba"}
,"/Users/kamil.szerlag/Desktop/Projekty/financial-empire/components/organisms/MonthlyFinancialSummaryChart/consts.ts": {"path":"/Users/kamil.szerlag/Desktop/Projekty/financial-empire/components/organisms/MonthlyFinancialSummaryChart/consts.ts","statementMap":{"0":{"start":{"line":1,"column":29},"end":{"line":1,"column":30}},"1":{"start":{"line":2,"column":30},"end":{"line":2,"column":32}},"2":{"start":{"line":3,"column":24},"end":{"line":3,"column":25}},"3":{"start":{"line":4,"column":32},"end":{"line":4,"column":41}},"4":{"start":{"line":5,"column":33},"end":{"line":5,"column":42}},"5":{"start":{"line":7,"column":27},"end":{"line":20,"column":1}}},"fnMap":{},"branchMap":{},"s":{"0":3,"1":3,"2":3,"3":3,"4":3,"5":3},"f":{},"b":{},"_coverageSchema":"1a1c01bbd47fc00a2c39e90264f33305004495a9","hash":"de03730b0d812e9b19990a1c4fde1fe51bf22319"}
,"/Users/kamil.szerlag/Desktop/Projekty/financial-empire/components/organisms/MonthlyFinancialSummaryChart/index.tsx": {"path":"/Users/kamil.szerlag/Desktop/Projekty/financial-empire/components/organisms/MonthlyFinancialSummaryChart/index.tsx","statementMap":{"0":{"start":{"line":11,"column":37},"end":{"line":70,"column":1}},"1":{"start":{"line":15,"column":31},"end":{"line":17,"column":4}},"2":{"start":{"line":19,"column":20},"end":{"line":19,"column":64}},"3":{"start":{"line":19,"column":34},"end":{"line":19,"column":55}},"4":{"start":{"line":21,"column":22},"end":{"line":57,"column":3}},"5":{"start":{"line":22,"column":4},"end":{"line":27,"column":8}},"6":{"start":{"line":23,"column":6},"end":{"line":27,"column":8}},"7":{"start":{"line":29,"column":4},"end":{"line":35,"column":5}},"8":{"start":{"line":30,"column":6},"end":{"line":34,"column":8}},"9":{"start":{"line":37,"column":4},"end":{"line":56,"column":6}},"10":{"start":{"line":59,"column":2},"end":{"line":69,"column":4}}},"fnMap":{"0":{"name":"(anonymous_0)","decl":{"start":{"line":11,"column":37},"end":{"line":11,"column":38}},"loc":{"start":{"line":13,"column":41},"end":{"line":70,"column":1}},"line":13},"1":{"name":"(anonymous_1)","decl":{"start":{"line":19,"column":28},"end":{"line":19,"column":29}},"loc":{"start":{"line":19,"column":34},"end":{"line":19,"column":55}},"line":19},"2":{"name":"(anonymous_2)","decl":{"start":{"line":21,"column":22},"end":{"line":21,"column":23}},"loc":{"start":{"line":21,"column":28},"end":{"line":57,"column":3}},"line":21}},"branchMap":{"0":{"loc":{"start":{"line":22,"column":4},"end":{"line":27,"column":8}},"type":"if","locations":[{"start":{"line":22,"column":4},"end":{"line":27,"column":8}},{"start":{},"end":{}}],"line":22},"1":{"loc":{"start":{"line":29,"column":4},"end":{"line":35,"column":5}},"type":"if","locations":[{"start":{"line":29,"column":4},"end":{"line":35,"column":5}},{"start":{},"end":{}}],"line":29}},"s":{"0":1,"1":6,"2":6,"3":6,"4":6,"5":6,"6":1,"7":5,"8":1,"9":4,"10":6},"f":{"0":6,"1":6,"2":6},"b":{"0":[1,5],"1":[1,4]},"_coverageSchema":"1a1c01bbd47fc00a2c39e90264f33305004495a9","hash":"cba2a942f5f564c43e1cb70e58a80e0c6382e708"}
,"/Users/kamil.szerlag/Desktop/Projekty/financial-empire/components/organisms/MonthlyFinancialSummaryChart/utils.ts": {"path":"/Users/kamil.szerlag/Desktop/Projekty/financial-empire/components/organisms/MonthlyFinancialSummaryChart/utils.ts","statementMap":{"0":{"start":{"line":12,"column":28},"end":{"line":26,"column":1}},"1":{"start":{"line":13,"column":19},"end":{"line":13,"column":36}},"2":{"start":{"line":14,"column":2},"end":{"line":14,"column":36}},"3":{"start":{"line":14,"column":23},"end":{"line":14,"column":36}},"4":{"start":{"line":16,"column":19},"end":{"line":16,"column":37}},"5":{"start":{"line":17,"column":15},"end":{"line":17,"column":38}},"6":{"start":{"line":19,"column":2},"end":{"line":21,"column":3}},"7":{"start":{"line":20,"column":4},"end":{"line":20,"column":56}},"8":{"start":{"line":22,"column":2},"end":{"line":24,"column":3}},"9":{"start":{"line":23,"column":4},"end":{"line":23,"column":52}},"10":{"start":{"line":25,"column":2},"end":{"line":25,"column":29}},"11":{"start":{"line":28,"column":31},"end":{"line":52,"column":1}},"12":{"start":{"line":31,"column":2},"end":{"line":31,"column":23}},"13":{"start":{"line":31,"column":13},"end":{"line":31,"column":23}},"14":{"start":{"line":33,"column":2},"end":{"line":51,"column":5}},"15":{"start":{"line":34,"column":18},"end":{"line":34,"column":45}},"16":{"start":{"line":36,"column":4},"end":{"line":50,"column":6}}},"fnMap":{"0":{"name":"(anonymous_0)","decl":{"start":{"line":12,"column":28},"end":{"line":12,"column":29}},"loc":{"start":{"line":12,"column":55},"end":{"line":26,"column":1}},"line":12},"1":{"name":"(anonymous_1)","decl":{"start":{"line":28,"column":31},"end":{"line":28,"column":32}},"loc":{"start":{"line":30,"column":20},"end":{"line":52,"column":1}},"line":30},"2":{"name":"(anonymous_2)","decl":{"start":{"line":33,"column":23},"end":{"line":33,"column":24}},"loc":{"start":{"line":33,"column":33},"end":{"line":51,"column":3}},"line":33}},"branchMap":{"0":{"loc":{"start":{"line":14,"column":2},"end":{"line":14,"column":36}},"type":"if","locations":[{"start":{"line":14,"column":2},"end":{"line":14,"column":36}},{"start":{},"end":{}}],"line":14},"1":{"loc":{"start":{"line":17,"column":15},"end":{"line":17,"column":38}},"type":"cond-expr","locations":[{"start":{"line":17,"column":30},"end":{"line":17,"column":33}},{"start":{"line":17,"column":36},"end":{"line":17,"column":38}}],"line":17},"2":{"loc":{"start":{"line":19,"column":2},"end":{"line":21,"column":3}},"type":"if","locations":[{"start":{"line":19,"column":2},"end":{"line":21,"column":3}},{"start":{},"end":{}}],"line":19},"3":{"loc":{"start":{"line":22,"column":2},"end":{"line":24,"column":3}},"type":"if","locations":[{"start":{"line":22,"column":2},"end":{"line":24,"column":3}},{"start":{},"end":{}}],"line":22},"4":{"loc":{"start":{"line":31,"column":2},"end":{"line":31,"column":23}},"type":"if","locations":[{"start":{"line":31,"column":2},"end":{"line":31,"column":23}},{"start":{},"end":{}}],"line":31},"5":{"loc":{"start":{"line":38,"column":15},"end":{"line":38,"column":31}},"type":"binary-expr","locations":[{"start":{"line":38,"column":15},"end":{"line":38,"column":26}},{"start":{"line":38,"column":30},"end":{"line":38,"column":31}}],"line":38},"6":{"loc":{"start":{"line":45,"column":15},"end":{"line":45,"column":33}},"type":"binary-expr","locations":[{"start":{"line":45,"column":15},"end":{"line":45,"column":28}},{"start":{"line":45,"column":32},"end":{"line":45,"column":33}}],"line":45}},"s":{"0":3,"1":17,"2":17,"3":3,"4":14,"5":14,"6":14,"7":5,"8":9,"9":5,"10":4,"11":3,"12":7,"13":1,"14":6,"15":10,"16":10},"f":{"0":17,"1":7,"2":10},"b":{"0":[3,14],"1":[3,11],"2":[5,9],"3":[5,4],"4":[1,6],"5":[10,1],"6":[10,1]},"_coverageSchema":"1a1c01bbd47fc00a2c39e90264f33305004495a9","hash":"a3827fc91b280ad57f6e983dd2e94b21f927d5e6"}
,"/Users/kamil.szerlag/Desktop/Projekty/financial-empire/components/organisms/ScreenHeader/consts.ts": {"path":"/Users/kamil.szerlag/Desktop/Projekty/financial-empire/components/organisms/ScreenHeader/consts.ts","statementMap":{"0":{"start":{"line":3,"column":42},"end":{"line":6,"column":1}},"1":{"start":{"line":8,"column":31},"end":{"line":8,"column":33}}},"fnMap":{},"branchMap":{},"s":{"0":1,"1":1},"f":{},"b":{},"_coverageSchema":"1a1c01bbd47fc00a2c39e90264f33305004495a9","hash":"ef79247450b4880878b2d85258814dc588b9f1c9"}
,"/Users/kamil.szerlag/Desktop/Projekty/financial-empire/components/organisms/ScreenHeader/index.tsx": {"path":"/Users/kamil.szerlag/Desktop/Projekty/financial-empire/components/organisms/ScreenHeader/index.tsx","statementMap":{"0":{"start":{"line":14,"column":21},"end":{"line":90,"column":1}},"1":{"start":{"line":22,"column":18},"end":{"line":22,"column":37}},"2":{"start":{"line":23,"column":21},"end":{"line":23,"column":40}},"3":{"start":{"line":25,"column":36},"end":{"line":25,"column":69}},"4":{"start":{"line":27,"column":2},"end":{"line":29,"column":5}},"5":{"start":{"line":28,"column":4},"end":{"line":28,"column":42}},"6":{"start":{"line":31,"column":17},"end":{"line":31,"column":43}},"7":{"start":{"line":31,"column":23},"end":{"line":31,"column":43}},"8":{"start":{"line":33,"column":34},"end":{"line":45,"column":3}},"9":{"start":{"line":34,"column":4},"end":{"line":39,"column":8}},"10":{"start":{"line":35,"column":6},"end":{"line":39,"column":8}},"11":{"start":{"line":41,"column":4},"end":{"line":42,"column":65}},"12":{"start":{"line":42,"column":6},"end":{"line":42,"column":65}},"13":{"start":{"line":44,"column":4},"end":{"line":44,"column":16}},"14":{"start":{"line":47,"column":2},"end":{"line":89,"column":4}}},"fnMap":{"0":{"name":"(anonymous_0)","decl":{"start":{"line":14,"column":21},"end":{"line":14,"column":22}},"loc":{"start":{"line":21,"column":25},"end":{"line":90,"column":1}},"line":21},"1":{"name":"(anonymous_1)","decl":{"start":{"line":27,"column":17},"end":{"line":27,"column":18}},"loc":{"start":{"line":27,"column":23},"end":{"line":29,"column":3}},"line":27},"2":{"name":"(anonymous_2)","decl":{"start":{"line":31,"column":17},"end":{"line":31,"column":18}},"loc":{"start":{"line":31,"column":23},"end":{"line":31,"column":43}},"line":31},"3":{"name":"(anonymous_3)","decl":{"start":{"line":33,"column":34},"end":{"line":33,"column":35}},"loc":{"start":{"line":33,"column":40},"end":{"line":45,"column":3}},"line":33}},"branchMap":{"0":{"loc":{"start":{"line":34,"column":4},"end":{"line":39,"column":8}},"type":"if","locations":[{"start":{"line":34,"column":4},"end":{"line":39,"column":8}},{"start":{},"end":{}}],"line":34},"1":{"loc":{"start":{"line":41,"column":4},"end":{"line":42,"column":65}},"type":"if","locations":[{"start":{"line":41,"column":4},"end":{"line":42,"column":65}},{"start":{},"end":{}}],"line":41},"2":{"loc":{"start":{"line":41,"column":8},"end":{"line":41,"column":32}},"type":"binary-expr","locations":[{"start":{"line":41,"column":8},"end":{"line":41,"column":19}},{"start":{"line":41,"column":23},"end":{"line":41,"column":32}}],"line":41},"3":{"loc":{"start":{"line":42,"column":39},"end":{"line":42,"column":60}},"type":"binary-expr","locations":[{"start":{"line":42,"column":39},"end":{"line":42,"column":50}},{"start":{"line":42,"column":54},"end":{"line":42,"column":60}}],"line":42},"4":{"loc":{"start":{"line":58,"column":9},"end":{"line":66,"column":9}},"type":"binary-expr","locations":[{"start":{"line":58,"column":9},"end":{"line":58,"column":14}},{"start":{"line":59,"column":10},"end":{"line":65,"column":17}}],"line":58},"5":{"loc":{"start":{"line":61,"column":22},"end":{"line":61,"column":59}},"type":"binary-expr","locations":[{"start":{"line":61,"column":22},"end":{"line":61,"column":33}},{"start":{"line":61,"column":37},"end":{"line":61,"column":46}},{"start":{"line":61,"column":50},"end":{"line":61,"column":59}}],"line":61},"6":{"loc":{"start":{"line":69,"column":7},"end":{"line":87,"column":7}},"type":"binary-expr","locations":[{"start":{"line":69,"column":7},"end":{"line":69,"column":23}},{"start":{"line":70,"column":8},"end":{"line":86,"column":15}}],"line":69}},"s":{"0":1,"1":9,"2":9,"3":9,"4":9,"5":9,"6":9,"7":0,"8":9,"9":9,"10":2,"11":7,"12":1,"13":6,"14":9},"f":{"0":9,"1":9,"2":0,"3":9},"b":{"0":[2,7],"1":[1,6],"2":[7,6],"3":[1,0],"4":[9,1],"5":[1,1,1],"6":[9,1]},"_coverageSchema":"1a1c01bbd47fc00a2c39e90264f33305004495a9","hash":"cff5bb0490a785823a4dafa6c8ffcc673e3f4c69"}
,"/Users/kamil.szerlag/Desktop/Projekty/financial-empire/contexts/UserContext/index.ts": {"path":"/Users/kamil.szerlag/Desktop/Projekty/financial-empire/contexts/UserContext/index.ts","statementMap":{"0":{"start":{"line":6,"column":27},"end":{"line":13,"column":2}},"1":{"start":{"line":15,"column":35},"end":{"line":15,"column":55}},"2":{"start":{"line":16,"column":30},"end":{"line":16,"column":77}},"3":{"start":{"line":16,"column":54},"end":{"line":16,"column":77}}},"fnMap":{"0":{"name":"(anonymous_0)","decl":{"start":{"line":8,"column":17},"end":{"line":8,"column":18}},"loc":{"start":{"line":8,"column":23},"end":{"line":8,"column":25}},"line":8},"1":{"name":"(anonymous_1)","decl":{"start":{"line":16,"column":30},"end":{"line":16,"column":31}},"loc":{"start":{"line":16,"column":54},"end":{"line":16,"column":77}},"line":16}},"branchMap":{},"s":{"0":2,"1":2,"2":2,"3":9},"f":{"0":0,"1":9},"b":{},"_coverageSchema":"1a1c01bbd47fc00a2c39e90264f33305004495a9","hash":"f57a493c5bd3197138997e8868012c210f287bf3"}
,"/Users/kamil.szerlag/Desktop/Projekty/financial-empire/hooks/useAuthentication/index.ts": {"path":"/Users/kamil.szerlag/Desktop/Projekty/financial-empire/hooks/useAuthentication/index.ts","statementMap":{"0":{"start":{"line":4,"column":26},"end":{"line":19,"column":1}},"1":{"start":{"line":5,"column":28},"end":{"line":5,"column":44}},"2":{"start":{"line":7,"column":17},"end":{"line":16,"column":3}},"3":{"start":{"line":8,"column":22},"end":{"line":8,"column":51}},"4":{"start":{"line":10,"column":4},"end":{"line":13,"column":5}},"5":{"start":{"line":11,"column":6},"end":{"line":11,"column":57}},"6":{"start":{"line":12,"column":6},"end":{"line":12,"column":13}},"7":{"start":{"line":15,"column":4},"end":{"line":15,"column":25}},"8":{"start":{"line":18,"column":2},"end":{"line":18,"column":20}}},"fnMap":{"0":{"name":"(anonymous_0)","decl":{"start":{"line":4,"column":26},"end":{"line":4,"column":27}},"loc":{"start":{"line":4,"column":32},"end":{"line":19,"column":1}},"line":4},"1":{"name":"(anonymous_1)","decl":{"start":{"line":7,"column":17},"end":{"line":7,"column":18}},"loc":{"start":{"line":7,"column":29},"end":{"line":16,"column":3}},"line":7}},"branchMap":{"0":{"loc":{"start":{"line":10,"column":4},"end":{"line":13,"column":5}},"type":"if","locations":[{"start":{"line":10,"column":4},"end":{"line":13,"column":5}},{"start":{},"end":{}}],"line":10}},"s":{"0":1,"1":9,"2":9,"3":0,"4":0,"5":0,"6":0,"7":0,"8":9},"f":{"0":9,"1":0},"b":{"0":[0,0]},"_coverageSchema":"1a1c01bbd47fc00a2c39e90264f33305004495a9","hash":"73fb19ad3309083c93639c7300e7aa3e5d9bcb4f"}
,"/Users/kamil.szerlag/Desktop/Projekty/financial-empire/hooks/useDefaultToast/index.tsx": {"path":"/Users/kamil.szerlag/Desktop/Projekty/financial-empire/hooks/useDefaultToast/index.tsx","statementMap":{"0":{"start":{"line":3,"column":24},"end":{"line":38,"column":1}},"1":{"start":{"line":5,"column":25},"end":{"line":15,"column":6}},"2":{"start":{"line":6,"column":4},"end":{"line":15,"column":6}},"3":{"start":{"line":17,"column":27},"end":{"line":23,"column":6}},"4":{"start":{"line":18,"column":4},"end":{"line":23,"column":6}},"5":{"start":{"line":25,"column":24},"end":{"line":31,"column":6}},"6":{"start":{"line":26,"column":4},"end":{"line":31,"column":6}},"7":{"start":{"line":33,"column":2},"end":{"line":37,"column":4}}},"fnMap":{"0":{"name":"(anonymous_0)","decl":{"start":{"line":3,"column":24},"end":{"line":3,"column":25}},"loc":{"start":{"line":3,"column":30},"end":{"line":38,"column":1}},"line":3},"1":{"name":"(anonymous_1)","decl":{"start":{"line":5,"column":25},"end":{"line":5,"column":26}},"loc":{"start":{"line":6,"column":4},"end":{"line":15,"column":6}},"line":6},"2":{"name":"(anonymous_2)","decl":{"start":{"line":17,"column":27},"end":{"line":17,"column":28}},"loc":{"start":{"line":18,"column":4},"end":{"line":23,"column":6}},"line":18},"3":{"name":"(anonymous_3)","decl":{"start":{"line":25,"column":24},"end":{"line":25,"column":25}},"loc":{"start":{"line":26,"column":4},"end":{"line":31,"column":6}},"line":26}},"branchMap":{"0":{"loc":{"start":{"line":8,"column":13},"end":{"line":8,"column":29}},"type":"binary-expr","locations":[{"start":{"line":8,"column":13},"end":{"line":8,"column":18}},{"start":{"line":8,"column":22},"end":{"line":8,"column":29}}],"line":8},"1":{"loc":{"start":{"line":10,"column":8},"end":{"line":11,"column":103}},"type":"binary-expr","locations":[{"start":{"line":10,"column":8},"end":{"line":10,"column":15}},{"start":{"line":11,"column":8},"end":{"line":11,"column":103}}],"line":10}},"s":{"0":1,"1":10,"2":0,"3":10,"4":0,"5":10,"6":0,"7":10},"f":{"0":10,"1":0,"2":0,"3":0},"b":{"0":[0,0],"1":[0,0]},"_coverageSchema":"1a1c01bbd47fc00a2c39e90264f33305004495a9","hash":"9135be3d5b05ae6289209439aa69e31604896c48"}
,"/Users/kamil.szerlag/Desktop/Projekty/financial-empire/hooks/useImagePicker/index.ts": {"path":"/Users/kamil.szerlag/Desktop/Projekty/financial-empire/hooks/useImagePicker/index.ts","statementMap":{"0":{"start":{"line":11,"column":23},"end":{"line":54,"column":1}},"1":{"start":{"line":12,"column":28},"end":{"line":15,"column":3}},"2":{"start":{"line":13,"column":23},"end":{"line":13,"column":60}},"3":{"start":{"line":14,"column":4},"end":{"line":14,"column":18}},"4":{"start":{"line":17,"column":20},"end":{"line":25,"column":3}},"5":{"start":{"line":18,"column":19},"end":{"line":18,"column":57}},"6":{"start":{"line":20,"column":4},"end":{"line":22,"column":5}},"7":{"start":{"line":21,"column":6},"end":{"line":21,"column":13}},"8":{"start":{"line":24,"column":4},"end":{"line":24,"column":18}},"9":{"start":{"line":27,"column":20},"end":{"line":51,"column":3}},"10":{"start":{"line":28,"column":4},"end":{"line":50,"column":5}},"11":{"start":{"line":29,"column":21},"end":{"line":29,"column":46}},"12":{"start":{"line":31,"column":6},"end":{"line":37,"column":7}},"13":{"start":{"line":32,"column":8},"end":{"line":35,"column":10}},"14":{"start":{"line":36,"column":8},"end":{"line":36,"column":15}},"15":{"start":{"line":39,"column":21},"end":{"line":39,"column":53}},"16":{"start":{"line":41,"column":6},"end":{"line":44,"column":7}},"17":{"start":{"line":42,"column":8},"end":{"line":42,"column":52}},"18":{"start":{"line":43,"column":8},"end":{"line":43,"column":15}},"19":{"start":{"line":46,"column":6},"end":{"line":46,"column":20}},"20":{"start":{"line":48,"column":6},"end":{"line":48,"column":25}},"21":{"start":{"line":49,"column":6},"end":{"line":49,"column":42}},"22":{"start":{"line":53,"column":2},"end":{"line":53,"column":53}}},"fnMap":{"0":{"name":"(anonymous_0)","decl":{"start":{"line":11,"column":23},"end":{"line":11,"column":24}},"loc":{"start":{"line":11,"column":55},"end":{"line":54,"column":1}},"line":11},"1":{"name":"(anonymous_1)","decl":{"start":{"line":12,"column":28},"end":{"line":12,"column":29}},"loc":{"start":{"line":12,"column":40},"end":{"line":15,"column":3}},"line":12},"2":{"name":"(anonymous_2)","decl":{"start":{"line":17,"column":20},"end":{"line":17,"column":21}},"loc":{"start":{"line":17,"column":59},"end":{"line":25,"column":3}},"line":17},"3":{"name":"(anonymous_3)","decl":{"start":{"line":27,"column":20},"end":{"line":27,"column":21}},"loc":{"start":{"line":27,"column":59},"end":{"line":51,"column":3}},"line":27}},"branchMap":{"0":{"loc":{"start":{"line":20,"column":4},"end":{"line":22,"column":5}},"type":"if","locations":[{"start":{"line":20,"column":4},"end":{"line":22,"column":5}},{"start":{},"end":{}}],"line":20},"1":{"loc":{"start":{"line":20,"column":8},"end":{"line":20,"column":71}},"type":"binary-expr","locations":[{"start":{"line":20,"column":8},"end":{"line":20,"column":23}},{"start":{"line":20,"column":27},"end":{"line":20,"column":41}},{"start":{"line":20,"column":45},"end":{"line":20,"column":71}}],"line":20},"2":{"loc":{"start":{"line":31,"column":6},"end":{"line":37,"column":7}},"type":"if","locations":[{"start":{"line":31,"column":6},"end":{"line":37,"column":7}},{"start":{},"end":{}}],"line":31},"3":{"loc":{"start":{"line":41,"column":6},"end":{"line":44,"column":7}},"type":"if","locations":[{"start":{"line":41,"column":6},"end":{"line":44,"column":7}},{"start":{},"end":{}}],"line":41},"4":{"loc":{"start":{"line":41,"column":10},"end":{"line":41,"column":73}},"type":"binary-expr","locations":[{"start":{"line":41,"column":10},"end":{"line":41,"column":25}},{"start":{"line":41,"column":29},"end":{"line":41,"column":43}},{"start":{"line":41,"column":47},"end":{"line":41,"column":73}}],"line":41}},"s":{"0":1,"1":0,"2":0,"3":0,"4":0,"5":0,"6":0,"7":0,"8":0,"9":0,"10":0,"11":0,"12":0,"13":0,"14":0,"15":0,"16":0,"17":0,"18":0,"19":0,"20":0,"21":0,"22":0},"f":{"0":0,"1":0,"2":0,"3":0},"b":{"0":[0,0],"1":[0,0,0],"2":[0,0],"3":[0,0],"4":[0,0,0]},"_coverageSchema":"1a1c01bbd47fc00a2c39e90264f33305004495a9","hash":"b68db36d41192daa9d5c286fb69e4d328a906860"}
,"/Users/kamil.szerlag/Desktop/Projekty/financial-empire/screens/Auth/LoginScreen/index.tsx": {"path":"/Users/kamil.szerlag/Desktop/Projekty/financial-empire/screens/Auth/LoginScreen/index.tsx","statementMap":{"0":{"start":{"line":19,"column":20},"end":{"line":139,"column":1}},"1":{"start":{"line":20,"column":39},"end":{"line":20,"column":57}},"2":{"start":{"line":22,"column":22},"end":{"line":29,"column":4}},"3":{"start":{"line":31,"column":29},"end":{"line":31,"column":46}},"4":{"start":{"line":33,"column":36},"end":{"line":33,"column":47}},"5":{"start":{"line":35,"column":19},"end":{"line":41,"column":3}},"6":{"start":{"line":36,"column":4},"end":{"line":40,"column":7}},"7":{"start":{"line":38,"column":8},"end":{"line":38,"column":38}},"8":{"start":{"line":43,"column":2},"end":{"line":138,"column":4}},"9":{"start":{"line":65,"column":14},"end":{"line":73,"column":16}},"10":{"start":{"line":81,"column":14},"end":{"line":88,"column":16}},"11":{"start":{"line":132,"column":29},"end":{"line":132,"column":65}}},"fnMap":{"0":{"name":"(anonymous_0)","decl":{"start":{"line":19,"column":20},"end":{"line":19,"column":21}},"loc":{"start":{"line":19,"column":58},"end":{"line":139,"column":1}},"line":19},"1":{"name":"(anonymous_1)","decl":{"start":{"line":35,"column":19},"end":{"line":35,"column":20}},"loc":{"start":{"line":35,"column":50},"end":{"line":41,"column":3}},"line":35},"2":{"name":"(anonymous_2)","decl":{"start":{"line":37,"column":15},"end":{"line":37,"column":16}},"loc":{"start":{"line":37,"column":26},"end":{"line":39,"column":7}},"line":37},"3":{"name":"(anonymous_3)","decl":{"start":{"line":64,"column":20},"end":{"line":64,"column":21}},"loc":{"start":{"line":65,"column":14},"end":{"line":73,"column":16}},"line":65},"4":{"name":"(anonymous_4)","decl":{"start":{"line":80,"column":20},"end":{"line":80,"column":21}},"loc":{"start":{"line":81,"column":14},"end":{"line":88,"column":16}},"line":81},"5":{"name":"(anonymous_5)","decl":{"start":{"line":132,"column":23},"end":{"line":132,"column":24}},"loc":{"start":{"line":132,"column":29},"end":{"line":132,"column":65}},"line":132}},"branchMap":{},"s":{"0":1,"1":10,"2":10,"3":10,"4":10,"5":10,"6":1,"7":0,"8":10,"9":13,"10":14,"11":0},"f":{"0":10,"1":1,"2":0,"3":13,"4":14,"5":0},"b":{},"_coverageSchema":"1a1c01bbd47fc00a2c39e90264f33305004495a9","hash":"ef6bb2cdea25c80cbae60f84b4803bd939f70144"}
,"/Users/kamil.szerlag/Desktop/Projekty/financial-empire/screens/Auth/LoginScreen/loginValidationSchema.ts": {"path":"/Users/kamil.szerlag/Desktop/Projekty/financial-empire/screens/Auth/LoginScreen/loginValidationSchema.ts","statementMap":{"0":{"start":{"line":5,"column":2},"end":{"line":10,"column":4}}},"fnMap":{},"branchMap":{},"s":{"0":1},"f":{},"b":{},"_coverageSchema":"1a1c01bbd47fc00a2c39e90264f33305004495a9","hash":"8c79808bbe5181f37618990f93f6e2f32c783238"}
,"/Users/kamil.szerlag/Desktop/Projekty/financial-empire/screens/FinancialEntries/FinancialEntriesScreen/components/FinancialEntryItem/index.tsx": {"path":"/Users/kamil.szerlag/Desktop/Projekty/financial-empire/screens/FinancialEntries/FinancialEntriesScreen/components/FinancialEntryItem/index.tsx","statementMap":{"0":{"start":{"line":10,"column":27},"end":{"line":103,"column":1}},"1":{"start":{"line":16,"column":21},"end":{"line":16,"column":71}},"2":{"start":{"line":17,"column":23},"end":{"line":17,"column":53}},"3":{"start":{"line":20,"column":2},"end":{"line":28,"column":4}},"4":{"start":{"line":21,"column":10},"end":{"line":26,"column":5}},"5":{"start":{"line":22,"column":6},"end":{"line":25,"column":7}},"6":{"start":{"line":23,"column":8},"end":{"line":23,"column":41}},"7":{"start":{"line":24,"column":8},"end":{"line":24,"column":34}},"8":{"start":{"line":31,"column":30},"end":{"line":40,"column":3}},"9":{"start":{"line":32,"column":4},"end":{"line":34,"column":5}},"10":{"start":{"line":33,"column":6},"end":{"line":33,"column":39}},"11":{"start":{"line":36,"column":4},"end":{"line":39,"column":13}},"12":{"start":{"line":37,"column":6},"end":{"line":37,"column":36}},"13":{"start":{"line":38,"column":6},"end":{"line":38,"column":32}},"14":{"start":{"line":42,"column":35},"end":{"line":47,"column":3}},"15":{"start":{"line":43,"column":4},"end":{"line":46,"column":5}},"16":{"start":{"line":44,"column":6},"end":{"line":44,"column":39}},"17":{"start":{"line":45,"column":6},"end":{"line":45,"column":32}},"18":{"start":{"line":49,"column":2},"end":{"line":102,"column":4}},"19":{"start":{"line":65,"column":10},"end":{"line":69,"column":12}}},"fnMap":{"0":{"name":"(anonymous_0)","decl":{"start":{"line":10,"column":27},"end":{"line":10,"column":28}},"loc":{"start":{"line":15,"column":31},"end":{"line":103,"column":1}},"line":15},"1":{"name":"(anonymous_1)","decl":{"start":{"line":21,"column":4},"end":{"line":21,"column":5}},"loc":{"start":{"line":21,"column":10},"end":{"line":26,"column":5}},"line":21},"2":{"name":"(anonymous_2)","decl":{"start":{"line":21,"column":10},"end":{"line":21,"column":11}},"loc":{"start":{"line":21,"column":16},"end":{"line":26,"column":5}},"line":21},"3":{"name":"(anonymous_3)","decl":{"start":{"line":31,"column":30},"end":{"line":31,"column":31}},"loc":{"start":{"line":31,"column":36},"end":{"line":40,"column":3}},"line":31},"4":{"name":"(anonymous_4)","decl":{"start":{"line":36,"column":36},"end":{"line":36,"column":37}},"loc":{"start":{"line":36,"column":42},"end":{"line":39,"column":5}},"line":36},"5":{"name":"(anonymous_5)","decl":{"start":{"line":42,"column":35},"end":{"line":42,"column":36}},"loc":{"start":{"line":42,"column":41},"end":{"line":47,"column":3}},"line":42},"6":{"name":"(anonymous_6)","decl":{"start":{"line":64,"column":28},"end":{"line":64,"column":29}},"loc":{"start":{"line":65,"column":10},"end":{"line":69,"column":12}},"line":65}},"branchMap":{"0":{"loc":{"start":{"line":22,"column":6},"end":{"line":25,"column":7}},"type":"if","locations":[{"start":{"line":22,"column":6},"end":{"line":25,"column":7}},{"start":{},"end":{}}],"line":22},"1":{"loc":{"start":{"line":32,"column":4},"end":{"line":34,"column":5}},"type":"if","locations":[{"start":{"line":32,"column":4},"end":{"line":34,"column":5}},{"start":{},"end":{}}],"line":32},"2":{"loc":{"start":{"line":43,"column":4},"end":{"line":46,"column":5}},"type":"if","locations":[{"start":{"line":43,"column":4},"end":{"line":46,"column":5}},{"start":{},"end":{}}],"line":43},"3":{"loc":{"start":{"line":51,"column":7},"end":{"line":58,"column":7}},"type":"binary-expr","locations":[{"start":{"line":51,"column":7},"end":{"line":51,"column":19}},{"start":{"line":52,"column":8},"end":{"line":57,"column":15}}],"line":51},"4":{"loc":{"start":{"line":67,"column":23},"end":{"line":67,"column":53}},"type":"cond-expr","locations":[{"start":{"line":67,"column":38},"end":{"line":67,"column":48}},{"start":{"line":67,"column":51},"end":{"line":67,"column":53}}],"line":67},"5":{"loc":{"start":{"line":85,"column":17},"end":{"line":85,"column":54}},"type":"binary-expr","locations":[{"start":{"line":85,"column":17},"end":{"line":85,"column":35}},{"start":{"line":85,"column":39},"end":{"line":85,"column":54}}],"line":85},"6":{"loc":{"start":{"line":86,"column":17},"end":{"line":86,"column":75}},"type":"cond-expr","locations":[{"start":{"line":86,"column":41},"end":{"line":86,"column":70}},{"start":{"line":86,"column":73},"end":{"line":86,"column":75}}],"line":86},"7":{"loc":{"start":{"line":93,"column":13},"end":{"line":97,"column":13}},"type":"cond-expr","locations":[{"start":{"line":94,"column":14},"end":{"line":94,"column":75}},{"start":{"line":96,"column":14},"end":{"line":96,"column":74}}],"line":93}},"s":{"0":1,"1":3,"2":3,"3":3,"4":3,"5":3,"6":0,"7":0,"8":3,"9":0,"10":0,"11":0,"12":0,"13":0,"14":3,"15":0,"16":0,"17":0,"18":3,"19":3},"f":{"0":3,"1":3,"2":3,"3":0,"4":0,"5":0,"6":3},"b":{"0":[0,3],"1":[0,0],"2":[0,0],"3":[3,3],"4":[3,0],"5":[3,0],"6":[3,0],"7":[0,3]},"_coverageSchema":"1a1c01bbd47fc00a2c39e90264f33305004495a9","hash":"54b820f736b31acb025178e44399ab31f1bcb2dd"}
,"/Users/kamil.szerlag/Desktop/Projekty/financial-empire/screens/FinancialEntries/FinancialEntriesScreen/components/RightAction/index.tsx": {"path":"/Users/kamil.szerlag/Desktop/Projekty/financial-empire/screens/FinancialEntries/FinancialEntriesScreen/components/RightAction/index.tsx","statementMap":{"0":{"start":{"line":8,"column":20},"end":{"line":36,"column":1}},"1":{"start":{"line":13,"column":25},"end":{"line":15,"column":5}},"2":{"start":{"line":13,"column":49},"end":{"line":15,"column":3}},"3":{"start":{"line":17,"column":2},"end":{"line":35,"column":4}}},"fnMap":{"0":{"name":"(anonymous_0)","decl":{"start":{"line":8,"column":20},"end":{"line":8,"column":21}},"loc":{"start":{"line":12,"column":24},"end":{"line":36,"column":1}},"line":12},"1":{"name":"(anonymous_1)","decl":{"start":{"line":13,"column":42},"end":{"line":13,"column":43}},"loc":{"start":{"line":13,"column":49},"end":{"line":15,"column":3}},"line":13}},"branchMap":{},"s":{"0":1,"1":3,"2":9,"3":3},"f":{"0":3,"1":9},"b":{},"_coverageSchema":"1a1c01bbd47fc00a2c39e90264f33305004495a9","hash":"94516ebca0ce3997824f77c4f77bde8e5ef43ad2"}
,"/Users/kamil.szerlag/Desktop/Projekty/financial-empire/setup/testing-library/index.tsx": {"path":"/Users/kamil.szerlag/Desktop/Projekty/financial-empire/setup/testing-library/index.tsx","statementMap":{"0":{"start":{"line":15,"column":0},"end":{"line":22,"column":4}},"1":{"start":{"line":15,"column":39},"end":{"line":22,"column":1}},"2":{"start":{"line":24,"column":20},"end":{"line":35,"column":2}},"3":{"start":{"line":37,"column":29},"end":{"line":43,"column":1}},"4":{"start":{"line":38,"column":2},"end":{"line":42,"column":27}},"5":{"start":{"line":45,"column":21},"end":{"line":46,"column":52}},"6":{"start":{"line":46,"column":2},"end":{"line":46,"column":52}},"7":{"start":{"line":48,"column":25},"end":{"line":52,"column":70}},"8":{"start":{"line":52,"column":2},"end":{"line":52,"column":70}}},"fnMap":{"0":{"name":"(anonymous_0)","decl":{"start":{"line":15,"column":32},"end":{"line":15,"column":33}},"loc":{"start":{"line":15,"column":39},"end":{"line":22,"column":1}},"line":15},"1":{"name":"(anonymous_1)","decl":{"start":{"line":37,"column":29},"end":{"line":37,"column":30}},"loc":{"start":{"line":38,"column":2},"end":{"line":42,"column":27}},"line":38},"2":{"name":"(anonymous_2)","decl":{"start":{"line":45,"column":21},"end":{"line":45,"column":22}},"loc":{"start":{"line":46,"column":2},"end":{"line":46,"column":52}},"line":46},"3":{"name":"(anonymous_3)","decl":{"start":{"line":48,"column":25},"end":{"line":48,"column":26}},"loc":{"start":{"line":52,"column":2},"end":{"line":52,"column":70}},"line":52}},"branchMap":{},"s":{"0":13,"1":8,"2":13,"3":13,"4":70,"5":13,"6":70,"7":13,"8":0},"f":{"0":8,"1":70,"2":70,"3":0},"b":{},"_coverageSchema":"1a1c01bbd47fc00a2c39e90264f33305004495a9","hash":"c81a5c766ffae22d7bd443bad34fe36bfb706501"}
,"/Users/kamil.szerlag/Desktop/Projekty/financial-empire/theme/colors.ts": {"path":"/Users/kamil.szerlag/Desktop/Projekty/financial-empire/theme/colors.ts","statementMap":{"0":{"start":{"line":1,"column":15},"end":{"line":39,"column":1}}},"fnMap":{},"branchMap":{},"s":{"0":7},"f":{},"b":{},"_coverageSchema":"1a1c01bbd47fc00a2c39e90264f33305004495a9","hash":"c7b1b2e3fb1942eb0e029cc9033a5e5b302d3d7e"}
,"/Users/kamil.szerlag/Desktop/Projekty/financial-empire/utils/Screens.ts": {"path":"/Users/kamil.szerlag/Desktop/Projekty/financial-empire/utils/Screens.ts","statementMap":{},"fnMap":{},"branchMap":{},"s":{},"f":{},"b":{},"_coverageSchema":"1a1c01bbd47fc00a2c39e90264f33305004495a9","hash":"f3909d4d0ba8240b23dfc2e2ecc59c4e414c3b2c"}
,"/Users/kamil.szerlag/Desktop/Projekty/financial-empire/utils/testIDs.ts": {"path":"/Users/kamil.szerlag/Desktop/Projekty/financial-empire/utils/testIDs.ts","statementMap":{},"fnMap":{},"branchMap":{},"s":{},"f":{},"b":{},"_coverageSchema":"1a1c01bbd47fc00a2c39e90264f33305004495a9","hash":"d4be18f16fa8c19cce606289f8d291ba0095938a"}
,"/Users/kamil.szerlag/Desktop/Projekty/financial-empire/utils/Formatter/Formatter.ts": {"path":"/Users/kamil.szerlag/Desktop/Projekty/financial-empire/utils/Formatter/Formatter.ts","statementMap":{"0":{"start":{"line":13,"column":17},"end":{"line":13,"column":36}},"1":{"start":{"line":14,"column":4},"end":{"line":14,"column":38}},"2":{"start":{"line":22,"column":17},"end":{"line":22,"column":36}},"3":{"start":{"line":23,"column":24},"end":{"line":23,"column":48}},"4":{"start":{"line":24,"column":21},"end":{"line":24,"column":39}},"5":{"start":{"line":26,"column":25},"end":{"line":26,"column":78}},"6":{"start":{"line":28,"column":4},"end":{"line":28,"column":52}},"7":{"start":{"line":35,"column":17},"end":{"line":35,"column":36}},"8":{"start":{"line":36,"column":4},"end":{"line":36,"column":33}},"9":{"start":{"line":45,"column":4},"end":{"line":48,"column":7}}},"fnMap":{"0":{"name":"(anonymous_0)","decl":{"start":{"line":12,"column":2},"end":{"line":12,"column":3}},"loc":{"start":{"line":12,"column":57},"end":{"line":15,"column":3}},"line":12},"1":{"name":"(anonymous_1)","decl":{"start":{"line":21,"column":2},"end":{"line":21,"column":3}},"loc":{"start":{"line":21,"column":54},"end":{"line":29,"column":3}},"line":21},"2":{"name":"(anonymous_2)","decl":{"start":{"line":34,"column":2},"end":{"line":34,"column":3}},"loc":{"start":{"line":34,"column":56},"end":{"line":37,"column":3}},"line":34},"3":{"name":"(anonymous_3)","decl":{"start":{"line":43,"column":2},"end":{"line":43,"column":3}},"loc":{"start":{"line":43,"column":52},"end":{"line":49,"column":3}},"line":43}},"branchMap":{"0":{"loc":{"start":{"line":26,"column":25},"end":{"line":26,"column":78}},"type":"cond-expr","locations":[{"start":{"line":26,"column":52},"end":{"line":26,"column":66}},{"start":{"line":26,"column":69},"end":{"line":26,"column":78}}],"line":26}},"s":{"0":0,"1":0,"2":4,"3":4,"4":4,"5":4,"6":4,"7":3,"8":3,"9":0},"f":{"0":0,"1":4,"2":3,"3":0},"b":{"0":[0,4]},"_coverageSchema":"1a1c01bbd47fc00a2c39e90264f33305004495a9","hash":"8ce1f2307b0c6fc6f27cbbbabe2f0c0c7f8944bb"}
,"/Users/kamil.szerlag/Desktop/Projekty/financial-empire/utils/functions/getFinancialCategoryIcon.ts": {"path":"/Users/kamil.szerlag/Desktop/Projekty/financial-empire/utils/functions/getFinancialCategoryIcon.ts","statementMap":{"0":{"start":{"line":3,"column":40},"end":{"line":32,"column":1}},"1":{"start":{"line":6,"column":2},"end":{"line":31,"column":3}},"2":{"start":{"line":8,"column":6},"end":{"line":8,"column":28}},"3":{"start":{"line":10,"column":6},"end":{"line":10,"column":34}},"4":{"start":{"line":12,"column":6},"end":{"line":12,"column":28}},"5":{"start":{"line":14,"column":6},"end":{"line":14,"column":26}},"6":{"start":{"line":16,"column":6},"end":{"line":16,"column":27}},"7":{"start":{"line":18,"column":6},"end":{"line":18,"column":27}},"8":{"start":{"line":20,"column":6},"end":{"line":20,"column":33}},"9":{"start":{"line":22,"column":6},"end":{"line":22,"column":32}},"10":{"start":{"line":24,"column":6},"end":{"line":24,"column":27}},"11":{"start":{"line":26,"column":6},"end":{"line":26,"column":28}},"12":{"start":{"line":28,"column":6},"end":{"line":28,"column":28}},"13":{"start":{"line":30,"column":6},"end":{"line":30,"column":28}}},"fnMap":{"0":{"name":"(anonymous_0)","decl":{"start":{"line":3,"column":40},"end":{"line":3,"column":41}},"loc":{"start":{"line":5,"column":5},"end":{"line":32,"column":1}},"line":5}},"branchMap":{"0":{"loc":{"start":{"line":6,"column":2},"end":{"line":31,"column":3}},"type":"switch","locations":[{"start":{"line":7,"column":4},"end":{"line":8,"column":28}},{"start":{"line":9,"column":4},"end":{"line":10,"column":34}},{"start":{"line":11,"column":4},"end":{"line":12,"column":28}},{"start":{"line":13,"column":4},"end":{"line":14,"column":26}},{"start":{"line":15,"column":4},"end":{"line":16,"column":27}},{"start":{"line":17,"column":4},"end":{"line":18,"column":27}},{"start":{"line":19,"column":4},"end":{"line":20,"column":33}},{"start":{"line":21,"column":4},"end":{"line":22,"column":32}},{"start":{"line":23,"column":4},"end":{"line":24,"column":27}},{"start":{"line":25,"column":4},"end":{"line":26,"column":28}},{"start":{"line":27,"column":4},"end":{"line":28,"column":28}},{"start":{"line":29,"column":4},"end":{"line":30,"column":28}}],"line":6}},"s":{"0":5,"1":0,"2":0,"3":0,"4":0,"5":0,"6":0,"7":0,"8":0,"9":0,"10":0,"11":0,"12":0,"13":0},"f":{"0":0},"b":{"0":[0,0,0,0,0,0,0,0,0,0,0,0]},"_coverageSchema":"1a1c01bbd47fc00a2c39e90264f33305004495a9","hash":"c68bfd403e8fec1f7475959d003bf345a0cb8156"}
,"/Users/kamil.szerlag/Desktop/Projekty/financial-empire/utils/functions/mergeClasses.ts": {"path":"/Users/kamil.szerlag/Desktop/Projekty/financial-empire/utils/functions/mergeClasses.ts","statementMap":{"0":{"start":{"line":4,"column":24},"end":{"line":11,"column":2}},"1":{"start":{"line":13,"column":28},"end":{"line":14,"column":29}},"2":{"start":{"line":14,"column":2},"end":{"line":14,"column":29}}},"fnMap":{"0":{"name":"(anonymous_0)","decl":{"start":{"line":13,"column":28},"end":{"line":13,"column":29}},"loc":{"start":{"line":14,"column":2},"end":{"line":14,"column":29}},"line":14}},"branchMap":{},"s":{"0":13,"1":13,"2":547},"f":{"0":547},"b":{},"_coverageSchema":"1a1c01bbd47fc00a2c39e90264f33305004495a9","hash":"9892229acb0432b8855a02d1d16d898ccbd54e61"}
}
