TN:
SF:api/enums.ts
FNF:0
FNH:0
LF:0
LH:0
BRF:0
BRH:0
end_of_record
TN:
SF:api/mutations/useLoginMutation/index.ts
FN:6,(anonymous_0)
FN:8,(anonymous_1)
FNF:2
FNH:0
FNDA:0,(anonymous_0)
FNDA:0,(anonymous_1)
DA:6,1
DA:7,0
DA:9,0
DA:10,0
DA:11,0
DA:13,0
LF:6
LH:1
BRDA:10,0,0,0
BRDA:10,0,1,0
BRF:2
BRH:0
end_of_record
TN:
SF:api/mutations/useUpdateUserProfileMutation/index.ts
FN:9,(anonymous_0)
FN:15,(anonymous_1)
FN:22,(anonymous_2)
FN:40,(anonymous_3)
FN:56,(anonymous_4)
FN:71,(anonymous_5)
FNF:6
FNH:0
FNDA:0,(anonymous_0)
FNDA:0,(anonymous_1)
FNDA:0,(anonymous_2)
FNDA:0,(anonymous_3)
FNDA:0,(anonymous_4)
FNDA:0,(anonymous_5)
DA:9,1
DA:10,0
DA:12,0
DA:14,0
DA:16,0
DA:18,0
DA:21,0
DA:22,0
DA:25,0
DA:30,0
DA:32,0
DA:35,0
DA:36,0
DA:43,0
DA:49,0
DA:54,0
DA:56,0
DA:63,0
DA:64,0
DA:69,0
DA:72,0
LF:21
LH:1
BRDA:18,0,0,0
BRDA:18,0,1,0
BRDA:30,1,0,0
BRDA:30,1,1,0
BRDA:35,2,0,0
BRDA:35,2,1,0
BRDA:63,3,0,0
BRDA:63,3,1,0
BRDA:63,4,0,0
BRDA:63,4,1,0
BRF:10
BRH:0
end_of_record
TN:
SF:api/mutations/useUploadAvatarMutation/index.ts
FN:8,(anonymous_0)
FN:10,(anonymous_1)
FN:20,(anonymous_2)
FNF:3
FNH:0
FNDA:0,(anonymous_0)
FNDA:0,(anonymous_1)
FNDA:0,(anonymous_2)
DA:8,1
DA:9,0
DA:13,0
DA:14,0
DA:20,0
DA:21,0
DA:24,0
DA:25,0
DA:26,0
DA:32,0
DA:33,0
DA:36,0
DA:38,0
DA:39,0
LF:14
LH:1
BRDA:24,0,0,0
BRDA:24,0,1,0
BRDA:29,1,0,0
BRDA:29,1,1,0
BRDA:32,2,0,0
BRDA:32,2,1,0
BRDA:32,3,0,0
BRDA:32,3,1,0
BRDA:38,4,0,0
BRDA:38,4,1,0
BRF:10
BRH:0
end_of_record
TN:
SF:api/queries/useMonthlyFinancialSummary/index.tsx
FN:10,(anonymous_0)
FN:17,(anonymous_1)
FNF:2
FNH:0
FNDA:0,(anonymous_0)
FNDA:0,(anonymous_1)
DA:10,1
DA:14,0
DA:18,0
DA:20,0
DA:24,0
LF:5
LH:1
BRF:0
BRH:0
end_of_record
TN:
SF:assets/images/index.ts
FNF:0
FNH:0
LF:0
LH:0
BRF:0
BRH:0
end_of_record
TN:
SF:assets/images/logo.png
FNF:0
FNH:0
DA:1,1
LF:1
LH:1
BRF:0
BRH:0
end_of_record
TN:
SF:assets/svg/index.ts
FNF:0
FNH:0
LF:0
LH:0
BRF:0
BRH:0
end_of_record
TN:
SF:components/atoms/index.ts
FNF:0
FNH:0
LF:0
LH:0
BRF:0
BRH:0
end_of_record
TN:
SF:components/atoms/ArrowLeftButton/index.tsx
FN:6,(anonymous_0)
FNF:1
FNH:1
FNDA:3,(anonymous_0)
DA:6,6
DA:7,3
LF:2
LH:2
BRF:0
BRH:0
end_of_record
TN:
SF:components/atoms/Avatar/index.tsx
FN:9,(anonymous_0)
FN:14,(anonymous_1)
FN:41,(anonymous_2)
FN:42,(anonymous_3)
FNF:4
FNH:2
FNDA:29,(anonymous_0)
FNDA:16,(anonymous_1)
FNDA:0,(anonymous_2)
FNDA:0,(anonymous_3)
DA:9,6
DA:10,29
DA:14,29
DA:15,16
DA:16,13
DA:20,29
DA:21,5
DA:31,24
DA:41,0
DA:42,0
LF:10
LH:8
BRDA:9,0,0,8
BRDA:15,1,0,13
BRDA:15,1,1,3
BRDA:20,2,0,5
BRDA:20,2,1,24
BRDA:33,3,0,22
BRDA:33,3,1,2
BRDA:44,4,0,22
BRDA:44,4,1,11
BRDA:44,4,2,11
BRF:10
BRH:10
end_of_record
TN:
SF:components/atoms/Button/index.tsx
FN:8,(anonymous_0)
FN:18,(anonymous_1)
FNF:2
FNH:2
FNDA:12,(anonymous_0)
FNDA:12,(anonymous_1)
DA:8,6
DA:18,12
DA:19,12
DA:20,4
DA:32,8
DA:33,0
DA:44,8
DA:47,12
LF:8
LH:7
BRDA:13,0,0,12
BRDA:19,1,0,4
BRDA:19,1,1,8
BRDA:32,2,0,0
BRDA:32,2,1,8
BRDA:57,3,0,12
BRDA:57,3,1,0
BRDA:66,4,0,12
BRDA:66,4,1,12
BRF:9
BRH:7
end_of_record
TN:
SF:components/atoms/CategoryIcon/index.tsx
FN:7,(anonymous_0)
FNF:1
FNH:0
FNDA:0,(anonymous_0)
DA:7,5
DA:8,0
DA:10,0
LF:3
LH:1
BRDA:7,0,0,0
BRDA:23,1,0,0
BRDA:23,1,1,0
BRF:3
BRH:0
end_of_record
TN:
SF:components/atoms/CheckableButton/index.tsx
FN:5,(anonymous_0)
FNF:1
FNH:1
FNDA:2,(anonymous_0)
DA:5,6
DA:11,2
LF:2
LH:2
BRF:0
BRH:0
end_of_record
TN:
SF:components/atoms/FloatingAddButton/index.tsx
FN:7,(anonymous_0)
FNF:1
FNH:1
FNDA:2,(anonymous_0)
DA:7,6
DA:8,2
LF:2
LH:2
BRF:0
BRH:0
end_of_record
TN:
SF:components/atoms/LinkButton/index.tsx
FN:7,(anonymous_0)
FNF:1
FNH:1
FNDA:10,(anonymous_0)
DA:7,5
DA:13,10
LF:2
LH:2
BRF:0
BRH:0
end_of_record
TN:
SF:components/atoms/Loader/index.tsx
FN:7,(anonymous_0)
FNF:1
FNH:1
FNDA:10,(anonymous_0)
DA:7,7
DA:8,10
LF:2
LH:2
BRF:0
BRH:0
end_of_record
TN:
SF:components/atoms/Radio/index.tsx
FN:5,(anonymous_0)
FNF:1
FNH:1
FNDA:3,(anonymous_0)
DA:5,6
DA:12,3
DA:17,3
DA:22,3
LF:4
LH:4
BRDA:8,0,0,3
BRDA:29,1,0,0
BRDA:29,1,1,3
BRDA:49,2,0,2
BRDA:49,2,1,1
BRF:5
BRH:4
end_of_record
TN:
SF:components/atoms/SafeAreaWrapper/index.tsx
FN:8,(anonymous_0)
FNF:1
FNH:1
FNDA:10,(anonymous_0)
DA:8,5
DA:9,10
DA:11,10
LF:3
LH:3
BRF:0
BRH:0
end_of_record
TN:
SF:components/atoms/ScreenContentWrapper/index.tsx
FN:8,(anonymous_0)
FNF:1
FNH:1
FNDA:10,(anonymous_0)
DA:8,5
DA:17,10
DA:32,10
LF:3
LH:3
BRDA:32,0,0,10
BRDA:32,0,1,0
BRF:2
BRH:1
end_of_record
TN:
SF:components/atoms/fields/Input/index.tsx
FN:7,(anonymous_0)
FN:29,(anonymous_1)
FN:30,(anonymous_2)
FNF:3
FNH:1
FNDA:41,(anonymous_0)
FNDA:0,(anonymous_1)
FNDA:0,(anonymous_2)
DA:7,7
DA:15,41
DA:21,41
DA:27,41
DA:29,41
DA:30,0
DA:33,41
LF:7
LH:6
BRDA:21,0,0,41
BRDA:21,0,1,39
BRDA:27,1,0,41
BRDA:27,1,1,18
BRDA:35,2,0,41
BRDA:35,2,1,27
BRDA:37,3,0,41
BRDA:37,3,1,2
BRDA:44,4,0,2
BRDA:44,4,1,2
BRDA:53,5,0,41
BRDA:53,5,1,41
BRDA:55,6,0,41
BRDA:55,6,1,0
BRDA:62,7,0,41
BRDA:62,7,1,8
BRDA:69,8,0,8
BRDA:69,8,1,8
BRDA:75,9,0,41
BRDA:75,9,1,3
BRF:20
BRH:19
end_of_record
TN:
SF:components/atoms/fields/PasswordInput/index.tsx
FN:6,(anonymous_0)
FN:15,(anonymous_1)
FN:15,(anonymous_2)
FNF:3
FNH:3
FNDA:21,(anonymous_0)
FNDA:1,(anonymous_1)
FNDA:1,(anonymous_2)
DA:6,6
DA:7,21
DA:8,21
DA:10,21
DA:15,1
LF:5
LH:5
BRDA:8,0,0,20
BRDA:8,0,1,1
BRDA:14,1,0,6
BRDA:14,1,1,15
BRF:4
BRH:4
end_of_record
TN:
SF:components/molecules/index.ts
FNF:0
FNH:0
LF:0
LH:0
BRF:0
BRH:0
end_of_record
TN:
SF:components/molecules/CategoryButton/index.tsx
FN:6,(anonymous_0)
FNF:1
FNH:0
FNDA:0,(anonymous_0)
DA:6,5
DA:11,0
LF:2
LH:1
BRF:0
BRH:0
end_of_record
TN:
SF:components/molecules/EditableAvatar/index.tsx
FN:11,(anonymous_0)
FN:20,(anonymous_1)
FN:31,(anonymous_2)
FNF:3
FNH:3
FNDA:11,(anonymous_0)
FNDA:5,(anonymous_1)
FNDA:2,(anonymous_2)
DA:11,2
DA:12,11
DA:15,11
DA:18,11
DA:20,11
DA:21,5
DA:28,5
DA:30,3
DA:32,2
DA:34,1
DA:39,11
LF:11
LH:11
BRDA:11,0,0,10
BRDA:28,1,0,2
BRDA:28,1,1,3
BRDA:32,2,0,1
BRDA:32,2,1,1
BRDA:51,3,0,11
BRDA:51,3,1,10
BRF:7
BRH:7
end_of_record
TN:
SF:components/molecules/NumberPad/NumberPadButton.tsx
FN:6,(anonymous_0)
FNF:1
FNH:1
FNDA:180,(anonymous_0)
DA:6,2
DA:15,180
LF:2
LH:2
BRF:0
BRH:0
end_of_record
TN:
SF:components/molecules/NumberPad/consts.ts
FNF:0
FNH:0
DA:3,2
LF:1
LH:1
BRF:0
BRH:0
end_of_record
TN:
SF:components/molecules/NumberPad/index.tsx
FN:9,(anonymous_0)
FN:16,(anonymous_1)
FN:23,(anonymous_2)
FN:83,(anonymous_3)
FN:88,(anonymous_4)
FN:91,(anonymous_5)
FNF:6
FNH:6
FNDA:15,(anonymous_0)
FNDA:21,(anonymous_1)
FNDA:31,(anonymous_2)
FNDA:60,(anonymous_3)
FNDA:180,(anonymous_4)
FNDA:31,(anonymous_5)
DA:9,2
DA:15,15
DA:17,21
DA:22,15
DA:24,31
DA:25,4
DA:26,4
DA:27,4
DA:31,27
DA:33,21
DA:34,1
DA:35,1
DA:39,20
DA:40,0
DA:44,20
DA:45,20
DA:46,4
DA:49,16
DA:50,16
DA:51,16
DA:54,6
DA:55,6
DA:56,6
DA:58,0
DA:59,0
DA:60,0
DA:66,15
DA:84,60
DA:89,180
DA:91,31
LF:30
LH:26
BRDA:12,0,0,1
BRDA:17,1,0,2
BRDA:17,1,1,19
BRDA:24,2,0,4
BRDA:24,2,1,27
BRDA:31,3,0,21
BRDA:31,3,1,6
BRDA:33,4,0,1
BRDA:33,4,1,20
BRDA:33,5,0,21
BRDA:33,5,1,1
BRDA:39,6,0,0
BRDA:39,6,1,20
BRDA:39,7,0,20
BRDA:39,7,1,0
BRDA:45,8,0,4
BRDA:45,8,1,16
BRDA:45,9,0,20
BRDA:45,9,1,11
BRDA:54,10,0,6
BRDA:54,10,1,0
BRDA:55,11,0,6
BRDA:55,11,1,0
BRDA:55,12,0,6
BRDA:55,12,1,5
BRDA:68,13,0,15
BRDA:68,13,1,14
BRDA:76,14,0,14
BRDA:76,14,1,2
BRF:29
BRH:25
end_of_record
TN:
SF:components/molecules/NumberPad/types.ts
FNF:0
FNH:0
DA:1,2
LF:1
LH:1
BRF:0
BRH:0
end_of_record
TN:
SF:components/molecules/RadioGroup/index.tsx
FN:6,(anonymous_0)
FN:25,(anonymous_1)
FN:32,(anonymous_2)
FNF:3
FNH:0
FNDA:0,(anonymous_0)
FNDA:0,(anonymous_1)
FNDA:0,(anonymous_2)
DA:6,1
DA:14,0
DA:16,0
DA:26,0
DA:28,0
DA:32,0
LF:6
LH:1
BRDA:12,0,0,0
BRDA:18,1,0,0
BRDA:18,1,1,0
BRF:3
BRH:0
end_of_record
TN:
SF:components/molecules/Swipeable/index.tsx
FN:8,(anonymous_0)
FNF:1
FNH:1
FNDA:3,(anonymous_0)
DA:7,1
DA:9,3
DA:15,1
LF:3
LH:3
BRF:0
BRH:0
end_of_record
TN:
SF:components/organisms/MonthlyFinancialSummaryChart/consts.ts
FNF:0
FNH:0
DA:1,3
DA:2,3
DA:3,3
DA:4,3
DA:5,3
DA:7,3
LF:6
LH:6
BRF:0
BRH:0
end_of_record
TN:
SF:components/organisms/MonthlyFinancialSummaryChart/index.tsx
FN:11,(anonymous_0)
FN:19,(anonymous_1)
FN:21,(anonymous_2)
FNF:3
FNH:3
FNDA:6,(anonymous_0)
FNDA:6,(anonymous_1)
FNDA:6,(anonymous_2)
DA:11,1
DA:15,6
DA:19,6
DA:21,6
DA:22,6
DA:23,1
DA:29,5
DA:30,1
DA:37,4
DA:59,6
LF:10
LH:10
BRDA:22,0,0,1
BRDA:22,0,1,5
BRDA:29,1,0,1
BRDA:29,1,1,4
BRF:4
BRH:4
end_of_record
TN:
SF:components/organisms/MonthlyFinancialSummaryChart/utils.ts
FN:12,(anonymous_0)
FN:28,(anonymous_1)
FN:33,(anonymous_2)
FNF:3
FNH:3
FNDA:17,(anonymous_0)
FNDA:7,(anonymous_1)
FNDA:10,(anonymous_2)
DA:12,3
DA:13,17
DA:14,17
DA:16,14
DA:17,14
DA:19,14
DA:20,5
DA:22,9
DA:23,5
DA:25,4
DA:28,3
DA:31,7
DA:33,6
DA:34,10
DA:36,10
LF:15
LH:15
BRDA:14,0,0,3
BRDA:14,0,1,14
BRDA:17,1,0,3
BRDA:17,1,1,11
BRDA:19,2,0,5
BRDA:19,2,1,9
BRDA:22,3,0,5
BRDA:22,3,1,4
BRDA:31,4,0,1
BRDA:31,4,1,6
BRDA:38,5,0,10
BRDA:38,5,1,1
BRDA:45,6,0,10
BRDA:45,6,1,1
BRF:14
BRH:14
end_of_record
TN:
SF:components/organisms/ScreenHeader/consts.ts
FNF:0
FNH:0
DA:3,1
DA:8,1
LF:2
LH:2
BRF:0
BRH:0
end_of_record
TN:
SF:components/organisms/ScreenHeader/index.tsx
FN:14,(anonymous_0)
FN:27,(anonymous_1)
FN:31,(anonymous_2)
FN:33,(anonymous_3)
FNF:4
FNH:3
FNDA:9,(anonymous_0)
FNDA:9,(anonymous_1)
FNDA:0,(anonymous_2)
FNDA:9,(anonymous_3)
DA:14,1
DA:22,9
DA:23,9
DA:25,9
DA:27,9
DA:28,9
DA:31,9
DA:33,9
DA:34,9
DA:35,2
DA:41,7
DA:42,1
DA:44,6
DA:47,9
LF:14
LH:14
BRDA:34,0,0,2
BRDA:34,0,1,7
BRDA:41,1,0,1
BRDA:41,1,1,6
BRDA:41,2,0,7
BRDA:41,2,1,6
BRDA:42,3,0,1
BRDA:42,3,1,0
BRDA:58,4,0,9
BRDA:58,4,1,1
BRDA:61,5,0,1
BRDA:61,5,1,1
BRDA:61,5,2,1
BRDA:69,6,0,9
BRDA:69,6,1,1
BRF:15
BRH:14
end_of_record
TN:
SF:contexts/UserContext/index.ts
FN:8,(anonymous_0)
FN:16,(anonymous_1)
FNF:2
FNH:1
FNDA:0,(anonymous_0)
FNDA:9,(anonymous_1)
DA:6,2
DA:15,2
DA:16,9
LF:3
LH:3
BRF:0
BRH:0
end_of_record
TN:
SF:hooks/useAuthentication/index.ts
FN:4,(anonymous_0)
FN:7,(anonymous_1)
FNF:2
FNH:1
FNDA:9,(anonymous_0)
FNDA:0,(anonymous_1)
DA:4,1
DA:5,9
DA:7,9
DA:8,0
DA:10,0
DA:11,0
DA:12,0
DA:15,0
DA:18,9
LF:9
LH:4
BRDA:10,0,0,0
BRDA:10,0,1,0
BRF:2
BRH:0
end_of_record
TN:
SF:hooks/useDefaultToast/index.tsx
FN:3,(anonymous_0)
FN:5,(anonymous_1)
FN:17,(anonymous_2)
FN:25,(anonymous_3)
FNF:4
FNH:1
FNDA:10,(anonymous_0)
FNDA:0,(anonymous_1)
FNDA:0,(anonymous_2)
FNDA:0,(anonymous_3)
DA:3,1
DA:5,10
DA:6,0
DA:17,10
DA:18,0
DA:25,10
DA:26,0
DA:33,10
LF:8
LH:5
BRDA:8,0,0,0
BRDA:8,0,1,0
BRDA:10,1,0,0
BRDA:10,1,1,0
BRF:4
BRH:0
end_of_record
TN:
SF:hooks/useImagePicker/index.ts
FN:11,(anonymous_0)
FN:12,(anonymous_1)
FN:17,(anonymous_2)
FN:27,(anonymous_3)
FNF:4
FNH:0
FNDA:0,(anonymous_0)
FNDA:0,(anonymous_1)
FNDA:0,(anonymous_2)
FNDA:0,(anonymous_3)
DA:11,1
DA:12,0
DA:13,0
DA:14,0
DA:17,0
DA:18,0
DA:20,0
DA:21,0
DA:24,0
DA:27,0
DA:28,0
DA:29,0
DA:31,0
DA:32,0
DA:36,0
DA:39,0
DA:41,0
DA:42,0
DA:43,0
DA:46,0
DA:48,0
DA:49,0
DA:53,0
LF:23
LH:1
BRDA:20,0,0,0
BRDA:20,0,1,0
BRDA:20,1,0,0
BRDA:20,1,1,0
BRDA:20,1,2,0
BRDA:31,2,0,0
BRDA:31,2,1,0
BRDA:41,3,0,0
BRDA:41,3,1,0
BRDA:41,4,0,0
BRDA:41,4,1,0
BRDA:41,4,2,0
BRF:12
BRH:0
end_of_record
TN:
SF:screens/Auth/LoginScreen/index.tsx
FN:19,(anonymous_0)
FN:35,(anonymous_1)
FN:37,(anonymous_2)
FN:64,(anonymous_3)
FN:80,(anonymous_4)
FN:132,(anonymous_5)
FNF:6
FNH:4
FNDA:10,(anonymous_0)
FNDA:1,(anonymous_1)
FNDA:0,(anonymous_2)
FNDA:13,(anonymous_3)
FNDA:14,(anonymous_4)
FNDA:0,(anonymous_5)
DA:19,1
DA:20,10
DA:22,10
DA:31,10
DA:33,10
DA:35,10
DA:36,1
DA:38,0
DA:43,10
DA:65,13
DA:81,14
DA:132,0
LF:12
LH:10
BRF:0
BRH:0
end_of_record
TN:
SF:screens/Auth/LoginScreen/loginValidationSchema.ts
FNF:0
FNH:0
DA:5,1
LF:1
LH:1
BRF:0
BRH:0
end_of_record
TN:
SF:screens/FinancialEntries/FinancialEntriesScreen/components/FinancialEntryItem/index.tsx
FN:10,(anonymous_0)
FN:21,(anonymous_1)
FN:21,(anonymous_2)
FN:31,(anonymous_3)
FN:36,(anonymous_4)
FN:42,(anonymous_5)
FN:64,(anonymous_6)
FNF:7
FNH:4
FNDA:3,(anonymous_0)
FNDA:3,(anonymous_1)
FNDA:3,(anonymous_2)
FNDA:0,(anonymous_3)
FNDA:0,(anonymous_4)
FNDA:0,(anonymous_5)
FNDA:3,(anonymous_6)
DA:10,1
DA:16,3
DA:17,3
DA:20,3
DA:21,3
DA:22,3
DA:23,0
DA:24,0
DA:31,3
DA:32,0
DA:33,0
DA:36,0
DA:37,0
DA:38,0
DA:42,3
DA:43,0
DA:44,0
DA:45,0
DA:49,3
DA:65,3
LF:20
LH:10
BRDA:22,0,0,0
BRDA:22,0,1,3
BRDA:32,1,0,0
BRDA:32,1,1,0
BRDA:43,2,0,0
BRDA:43,2,1,0
BRDA:51,3,0,3
BRDA:51,3,1,3
BRDA:67,4,0,3
BRDA:67,4,1,0
BRDA:85,5,0,3
BRDA:85,5,1,0
BRDA:86,6,0,3
BRDA:86,6,1,0
BRDA:93,7,0,0
BRDA:93,7,1,3
BRF:16
BRH:7
end_of_record
TN:
SF:screens/FinancialEntries/FinancialEntriesScreen/components/RightAction/index.tsx
FN:8,(anonymous_0)
FN:13,(anonymous_1)
FNF:2
FNH:2
FNDA:3,(anonymous_0)
FNDA:9,(anonymous_1)
DA:8,1
DA:13,9
DA:17,3
LF:3
LH:3
BRF:0
BRH:0
end_of_record
TN:
SF:setup/testing-library/index.tsx
FN:15,(anonymous_0)
FN:37,(anonymous_1)
FN:45,(anonymous_2)
FN:48,(anonymous_3)
FNF:4
FNH:3
FNDA:8,(anonymous_0)
FNDA:70,(anonymous_1)
FNDA:70,(anonymous_2)
FNDA:0,(anonymous_3)
DA:15,13
DA:24,13
DA:37,13
DA:38,70
DA:45,13
DA:46,70
DA:48,13
DA:52,0
LF:8
LH:7
BRF:0
BRH:0
end_of_record
TN:
SF:theme/colors.ts
FNF:0
FNH:0
DA:1,7
LF:1
LH:1
BRF:0
BRH:0
end_of_record
TN:
SF:utils/Screens.ts
FNF:0
FNH:0
LF:0
LH:0
BRF:0
BRH:0
end_of_record
TN:
SF:utils/testIDs.ts
FNF:0
FNH:0
LF:0
LH:0
BRF:0
BRH:0
end_of_record
TN:
SF:utils/Formatter/Formatter.ts
FN:12,(anonymous_0)
FN:21,(anonymous_1)
FN:34,(anonymous_2)
FN:43,(anonymous_3)
FNF:4
FNH:2
FNDA:0,(anonymous_0)
FNDA:4,(anonymous_1)
FNDA:3,(anonymous_2)
FNDA:0,(anonymous_3)
DA:13,0
DA:14,0
DA:22,4
DA:23,4
DA:24,4
DA:26,4
DA:28,4
DA:35,3
DA:36,3
DA:45,0
LF:10
LH:7
BRDA:26,0,0,0
BRDA:26,0,1,4
BRF:2
BRH:1
end_of_record
TN:
SF:utils/functions/getFinancialCategoryIcon.ts
FN:3,(anonymous_0)
FNF:1
FNH:0
FNDA:0,(anonymous_0)
DA:3,5
DA:6,0
DA:8,0
DA:10,0
DA:12,0
DA:14,0
DA:16,0
DA:18,0
DA:20,0
DA:22,0
DA:24,0
DA:26,0
DA:28,0
DA:30,0
LF:14
LH:1
BRDA:6,0,0,0
BRDA:6,0,1,0
BRDA:6,0,2,0
BRDA:6,0,3,0
BRDA:6,0,4,0
BRDA:6,0,5,0
BRDA:6,0,6,0
BRDA:6,0,7,0
BRDA:6,0,8,0
BRDA:6,0,9,0
BRDA:6,0,10,0
BRDA:6,0,11,0
BRF:12
BRH:0
end_of_record
TN:
SF:utils/functions/mergeClasses.ts
FN:13,(anonymous_0)
FNF:1
FNH:1
FNDA:547,(anonymous_0)
DA:4,13
DA:13,13
DA:14,547
LF:3
LH:3
BRF:0
BRH:0
end_of_record
